{"level":"info","message":"🚀 Server running on port 5000","service":"flux-pos-api","timestamp":"2025-09-07 20:41:04"}
{"level":"info","message":"📊 Environment: development","service":"flux-pos-api","timestamp":"2025-09-07 20:41:04"}
{"level":"info","message":"🔗 Frontend URL: http://localhost:3000","service":"flux-pos-api","timestamp":"2025-09-07 20:41:04"}
{"level":"info","message":"🚀 Server running on port 5000","service":"flux-pos-api","timestamp":"2025-09-08 08:05:51"}
{"level":"info","message":"📊 Environment: development","service":"flux-pos-api","timestamp":"2025-09-08 08:05:51"}
{"level":"info","message":"🔗 Frontend URL: http://localhost:3000","service":"flux-pos-api","timestamp":"2025-09-08 08:05:51"}
{"level":"info","message":"POST /api/auth/login - ::1","service":"flux-pos-api","timestamp":"2025-09-08 08:08:09"}
{"level":"info","message":"POST /api/auth/login - ::1","service":"flux-pos-api","timestamp":"2025-09-08 08:08:14"}
{"level":"info","message":"POST /api/auth/login - ::1","service":"flux-pos-api","timestamp":"2025-09-08 08:08:16"}
{"level":"info","message":"POST /api/auth/login - ::1","service":"flux-pos-api","timestamp":"2025-09-08 08:08:17"}
{"level":"info","message":"POST /api/auth/login - ::1","service":"flux-pos-api","timestamp":"2025-09-08 08:34:46"}
{"level":"info","message":"POST /api/auth/login - ::1","service":"flux-pos-api","timestamp":"2025-09-08 08:34:54"}
{"level":"info","message":"POST /api/auth/login - ::1","service":"flux-pos-api","timestamp":"2025-09-08 08:41:37"}
{"level":"info","message":"POST /api/auth/login - ::1","service":"flux-pos-api","timestamp":"2025-09-08 08:44:00"}
{"level":"info","message":"POST /api/auth/login - ::1","service":"flux-pos-api","timestamp":"2025-09-08 08:44:17"}
{"level":"info","message":"POST /api/auth/login - ::1","service":"flux-pos-api","timestamp":"2025-09-08 08:46:14"}
{"level":"info","message":"🚀 Server running on port 5000","service":"flux-pos-api","timestamp":"2025-09-08 08:50:33"}
{"level":"info","message":"📊 Environment: development","service":"flux-pos-api","timestamp":"2025-09-08 08:50:33"}
{"level":"info","message":"🔗 Frontend URL: http://localhost:3000","service":"flux-pos-api","timestamp":"2025-09-08 08:50:33"}
{"level":"info","message":"GET /api/vendors/analytics - ::1","service":"flux-pos-api","timestamp":"2025-09-08 08:50:59"}
{"level":"info","message":"GET /api/vendors/analytics - ::1","service":"flux-pos-api","timestamp":"2025-09-08 08:50:59"}
{"level":"info","message":"GET /api/auth/me - ::1","service":"flux-pos-api","timestamp":"2025-09-08 08:51:18"}
{"level":"info","message":"GET /api/auth/me - ::1","service":"flux-pos-api","timestamp":"2025-09-08 08:51:18"}
{"level":"info","message":"POST /api/auth/login - ::1","service":"flux-pos-api","timestamp":"2025-09-08 08:51:58"}
{"level":"info","message":"GET /api/auth/me - ::1","service":"flux-pos-api","timestamp":"2025-09-08 08:52:10"}
{"level":"info","message":"GET /api/auth/me - ::1","service":"flux-pos-api","timestamp":"2025-09-08 08:52:10"}
{"level":"info","message":"POST /api/auth/login - ::1","service":"flux-pos-api","timestamp":"2025-09-08 08:54:49"}
{"level":"info","message":"GET /api/vendors - ::1","service":"flux-pos-api","timestamp":"2025-09-08 08:54:49"}
{"level":"info","message":"GET /api/vendors/support-tickets - ::1","service":"flux-pos-api","timestamp":"2025-09-08 08:54:49"}
{"level":"info","message":"GET /api/vendors/analytics - ::1","service":"flux-pos-api","timestamp":"2025-09-08 08:54:49"}
{"level":"info","message":"GET /api/vendors/analytics - ::1","service":"flux-pos-api","timestamp":"2025-09-08 08:54:49"}
{"level":"info","message":"GET /api/vendors/support-tickets - ::1","service":"flux-pos-api","timestamp":"2025-09-08 08:54:49"}
{"level":"info","message":"GET /api/vendors - ::1","service":"flux-pos-api","timestamp":"2025-09-08 08:54:49"}
{"level":"info","message":"GET /api/vendors/analytics - ::1","service":"flux-pos-api","timestamp":"2025-09-08 08:54:49"}
{"level":"info","message":"GET /api/vendors/analytics - ::1","service":"flux-pos-api","timestamp":"2025-09-08 08:54:49"}
{"level":"info","message":"GET /api/vendors - ::1","service":"flux-pos-api","timestamp":"2025-09-08 08:55:01"}
{"level":"info","message":"GET /api/vendors - ::1","service":"flux-pos-api","timestamp":"2025-09-08 08:55:01"}
{"level":"info","message":"🚀 Server running on port 5000","service":"flux-pos-api","timestamp":"2025-09-08 08:55:42"}
{"level":"info","message":"📊 Environment: development","service":"flux-pos-api","timestamp":"2025-09-08 08:55:42"}
{"level":"info","message":"🔗 Frontend URL: http://localhost:3000","service":"flux-pos-api","timestamp":"2025-09-08 08:55:42"}
{"level":"info","message":"GET /api/vendors/analytics - ::1","service":"flux-pos-api","timestamp":"2025-09-08 08:56:04"}
{"level":"info","message":"GET /api/vendors - ::1","service":"flux-pos-api","timestamp":"2025-09-08 08:56:04"}
{"level":"info","message":"GET /api/vendors/support-tickets - ::1","service":"flux-pos-api","timestamp":"2025-09-08 08:56:04"}
{"level":"info","message":"GET /api/vendors/support-tickets - ::1","service":"flux-pos-api","timestamp":"2025-09-08 08:56:04"}
{"level":"info","message":"GET /api/vendors/analytics - ::1","service":"flux-pos-api","timestamp":"2025-09-08 08:56:04"}
{"level":"info","message":"GET /api/vendors - ::1","service":"flux-pos-api","timestamp":"2025-09-08 08:56:04"}
{"level":"info","message":"GET /api/vendors/analytics - ::1","service":"flux-pos-api","timestamp":"2025-09-08 08:56:04"}
{"level":"info","message":"GET /api/vendors/analytics - ::1","service":"flux-pos-api","timestamp":"2025-09-08 08:56:04"}
{"level":"info","message":"GET /api/auth/me - ::1","service":"flux-pos-api","timestamp":"2025-09-08 08:56:24"}
{"level":"info","message":"GET /api/auth/me - ::1","service":"flux-pos-api","timestamp":"2025-09-08 08:56:24"}
{"level":"info","message":"POST /api/auth/login - ::1","service":"flux-pos-api","timestamp":"2025-09-08 08:59:30"}
{"level":"info","message":"GET /api/vendors/analytics - ::1","service":"flux-pos-api","timestamp":"2025-09-08 08:59:30"}
{"level":"info","message":"GET /api/vendors - ::1","service":"flux-pos-api","timestamp":"2025-09-08 08:59:30"}
{"level":"info","message":"GET /api/vendors/support-tickets - ::1","service":"flux-pos-api","timestamp":"2025-09-08 08:59:30"}
{"level":"info","message":"GET /api/vendors/analytics - ::1","service":"flux-pos-api","timestamp":"2025-09-08 08:59:30"}
{"level":"info","message":"GET /api/vendors/support-tickets - ::1","service":"flux-pos-api","timestamp":"2025-09-08 08:59:30"}
{"level":"info","message":"GET /api/vendors - ::1","service":"flux-pos-api","timestamp":"2025-09-08 08:59:30"}
{"level":"info","message":"GET /api/vendors/analytics - ::1","service":"flux-pos-api","timestamp":"2025-09-08 08:59:30"}
{"level":"info","message":"GET /api/vendors/analytics - ::1","service":"flux-pos-api","timestamp":"2025-09-08 08:59:30"}
{"level":"info","message":"GET /api/vendors - ::1","service":"flux-pos-api","timestamp":"2025-09-08 08:59:38"}
{"level":"info","message":"GET /api/vendors - ::1","service":"flux-pos-api","timestamp":"2025-09-08 08:59:38"}
{"level":"info","message":"🚀 Server running on port 5000","service":"flux-pos-api","timestamp":"2025-09-08 09:00:23"}
{"level":"info","message":"📊 Environment: development","service":"flux-pos-api","timestamp":"2025-09-08 09:00:23"}
{"level":"info","message":"🔗 Frontend URL: http://localhost:3000","service":"flux-pos-api","timestamp":"2025-09-08 09:00:23"}
{"level":"info","message":"GET /api/auth/me - ::1","service":"flux-pos-api","timestamp":"2025-09-08 09:02:38"}
{"level":"info","message":"GET /api/auth/me - ::1","service":"flux-pos-api","timestamp":"2025-09-08 09:02:38"}
{"level":"info","message":"🚀 Server running on port 5000","service":"flux-pos-api","timestamp":"2025-09-08 09:05:47"}
{"level":"info","message":"📊 Environment: development","service":"flux-pos-api","timestamp":"2025-09-08 09:05:47"}
{"level":"info","message":"🔗 Frontend URL: http://localhost:3000","service":"flux-pos-api","timestamp":"2025-09-08 09:05:47"}
{"level":"info","message":"🚀 Server running on port 5000","service":"flux-pos-api","timestamp":"2025-09-08 09:06:11"}
{"level":"info","message":"📊 Environment: development","service":"flux-pos-api","timestamp":"2025-09-08 09:06:11"}
{"level":"info","message":"🔗 Frontend URL: http://localhost:3000","service":"flux-pos-api","timestamp":"2025-09-08 09:06:11"}
{"level":"info","message":"🚀 Server running on port 5000","service":"flux-pos-api","timestamp":"2025-09-08 09:07:08"}
{"level":"info","message":"📊 Environment: development","service":"flux-pos-api","timestamp":"2025-09-08 09:07:08"}
{"level":"info","message":"🔗 Frontend URL: http://localhost:3000","service":"flux-pos-api","timestamp":"2025-09-08 09:07:08"}
{"level":"info","message":"🚀 Server running on port 5000","service":"flux-pos-api","timestamp":"2025-09-08 09:08:20"}
{"level":"info","message":"📊 Environment: development","service":"flux-pos-api","timestamp":"2025-09-08 09:08:20"}
{"level":"info","message":"🔗 Frontend URL: http://localhost:3000","service":"flux-pos-api","timestamp":"2025-09-08 09:08:20"}
{"level":"info","message":"🚀 Server running on port 5000","service":"flux-pos-api","timestamp":"2025-09-08 09:10:29"}
{"level":"info","message":"📊 Environment: development","service":"flux-pos-api","timestamp":"2025-09-08 09:10:29"}
{"level":"info","message":"🔗 Frontend URL: http://localhost:3000","service":"flux-pos-api","timestamp":"2025-09-08 09:10:29"}
{"level":"info","message":"🚀 Server running on port 5000","service":"flux-pos-api","timestamp":"2025-09-08 09:11:38"}
{"level":"info","message":"📊 Environment: development","service":"flux-pos-api","timestamp":"2025-09-08 09:11:38"}
{"level":"info","message":"🔗 Frontend URL: http://localhost:3000","service":"flux-pos-api","timestamp":"2025-09-08 09:11:38"}
{"level":"info","message":"🚀 Server running on port 5000","service":"flux-pos-api","timestamp":"2025-09-08 09:14:34"}
{"level":"info","message":"📊 Environment: development","service":"flux-pos-api","timestamp":"2025-09-08 09:14:35"}
{"level":"info","message":"🔗 Frontend URL: http://localhost:3000","service":"flux-pos-api","timestamp":"2025-09-08 09:14:35"}
{"level":"info","message":"POST /api/auth/login - ::1","service":"flux-pos-api","timestamp":"2025-09-08 09:15:27"}
{"level":"info","message":"GET /api/vendors/analytics - ::1","service":"flux-pos-api","timestamp":"2025-09-08 09:15:27"}
{"level":"info","message":"GET /api/vendors - ::1","service":"flux-pos-api","timestamp":"2025-09-08 09:15:27"}
{"level":"info","message":"GET /api/vendors/support-tickets - ::1","service":"flux-pos-api","timestamp":"2025-09-08 09:15:27"}
{"level":"info","message":"GET /api/vendors/analytics - ::1","service":"flux-pos-api","timestamp":"2025-09-08 09:15:27"}
{"level":"info","message":"GET /api/vendors/support-tickets - ::1","service":"flux-pos-api","timestamp":"2025-09-08 09:15:27"}
{"level":"info","message":"GET /api/vendors - ::1","service":"flux-pos-api","timestamp":"2025-09-08 09:15:27"}
{"level":"info","message":"GET /api/vendors/analytics - ::1","service":"flux-pos-api","timestamp":"2025-09-08 09:15:27"}
{"level":"info","message":"GET /api/vendors/analytics - ::1","service":"flux-pos-api","timestamp":"2025-09-08 09:15:27"}
{"level":"info","message":"GET /api/vendors - ::1","service":"flux-pos-api","timestamp":"2025-09-08 09:15:33"}
{"level":"info","message":"GET /api/vendors - ::1","service":"flux-pos-api","timestamp":"2025-09-08 09:15:33"}
{"level":"info","message":"GET /api/vendors/pricing-plans - ::1","service":"flux-pos-api","timestamp":"2025-09-08 09:15:41"}
{"level":"info","message":"GET /api/vendors/pricing-plans - ::1","service":"flux-pos-api","timestamp":"2025-09-08 09:15:41"}
{"level":"info","message":"GET /api/vendors/analytics - ::1","service":"flux-pos-api","timestamp":"2025-09-08 09:15:55"}
{"level":"info","message":"GET /api/vendors - ::1","service":"flux-pos-api","timestamp":"2025-09-08 09:15:55"}
{"level":"info","message":"GET /api/vendors/support-tickets - ::1","service":"flux-pos-api","timestamp":"2025-09-08 09:15:55"}
{"level":"info","message":"GET /api/vendors/analytics - ::1","service":"flux-pos-api","timestamp":"2025-09-08 09:15:55"}
{"level":"info","message":"GET /api/vendors/support-tickets - ::1","service":"flux-pos-api","timestamp":"2025-09-08 09:15:55"}
{"level":"info","message":"GET /api/vendors - ::1","service":"flux-pos-api","timestamp":"2025-09-08 09:15:55"}
{"level":"info","message":"GET /api/vendors/analytics - ::1","service":"flux-pos-api","timestamp":"2025-09-08 09:15:55"}
{"level":"info","message":"GET /api/vendors/analytics - ::1","service":"flux-pos-api","timestamp":"2025-09-08 09:15:55"}
{"level":"info","message":"GET /api/auth/me - ::1","service":"flux-pos-api","timestamp":"2025-09-08 09:20:10"}
{"level":"info","message":"GET /api/auth/me - ::1","service":"flux-pos-api","timestamp":"2025-09-08 09:20:10"}
{"level":"info","message":"POST /api/auth/login - ::1","service":"flux-pos-api","timestamp":"2025-09-08 09:20:19"}
{"level":"info","message":"GET /api/vendors/analytics - ::1","service":"flux-pos-api","timestamp":"2025-09-08 09:20:19"}
{"level":"info","message":"GET /api/vendors - ::1","service":"flux-pos-api","timestamp":"2025-09-08 09:20:19"}
{"level":"info","message":"GET /api/vendors/support-tickets - ::1","service":"flux-pos-api","timestamp":"2025-09-08 09:20:19"}
{"level":"info","message":"GET /api/vendors/analytics - ::1","service":"flux-pos-api","timestamp":"2025-09-08 09:20:19"}
{"level":"info","message":"GET /api/vendors - ::1","service":"flux-pos-api","timestamp":"2025-09-08 09:20:19"}
{"level":"info","message":"GET /api/vendors/support-tickets - ::1","service":"flux-pos-api","timestamp":"2025-09-08 09:20:19"}
{"level":"info","message":"GET /api/vendors/analytics - ::1","service":"flux-pos-api","timestamp":"2025-09-08 09:20:19"}
{"level":"info","message":"GET /api/vendors/analytics - ::1","service":"flux-pos-api","timestamp":"2025-09-08 09:20:19"}
{"level":"info","message":"GET /api/vendors - ::1","service":"flux-pos-api","timestamp":"2025-09-08 09:20:23"}
{"level":"info","message":"GET /api/vendors - ::1","service":"flux-pos-api","timestamp":"2025-09-08 09:20:23"}
{"level":"info","message":"GET /api/vendors/pricing-plans - ::1","service":"flux-pos-api","timestamp":"2025-09-08 09:20:27"}
{"level":"info","message":"GET /api/vendors/pricing-plans - ::1","service":"flux-pos-api","timestamp":"2025-09-08 09:20:27"}
{"level":"info","message":"POST /api/vendors/pricing-plans - ::1","service":"flux-pos-api","timestamp":"2025-09-08 09:20:46"}
{"level":"info","message":"GET /api/vendors/pricing-plans - ::1","service":"flux-pos-api","timestamp":"2025-09-08 09:20:46"}
{"level":"info","message":"GET /api/auth/me - ::1","service":"flux-pos-api","timestamp":"2025-09-08 09:20:54"}
{"level":"info","message":"GET /api/auth/me - ::1","service":"flux-pos-api","timestamp":"2025-09-08 09:20:54"}
{"level":"info","message":"POST /api/auth/login - ::1","service":"flux-pos-api","timestamp":"2025-09-08 09:21:01"}
{"level":"info","message":"GET /api/vendors/analytics - ::1","service":"flux-pos-api","timestamp":"2025-09-08 09:21:01"}
{"level":"info","message":"GET /api/vendors - ::1","service":"flux-pos-api","timestamp":"2025-09-08 09:21:01"}
{"level":"info","message":"GET /api/vendors/support-tickets - ::1","service":"flux-pos-api","timestamp":"2025-09-08 09:21:01"}
{"level":"info","message":"GET /api/vendors/analytics - ::1","service":"flux-pos-api","timestamp":"2025-09-08 09:21:01"}
{"level":"info","message":"GET /api/vendors/support-tickets - ::1","service":"flux-pos-api","timestamp":"2025-09-08 09:21:01"}
{"level":"info","message":"GET /api/vendors - ::1","service":"flux-pos-api","timestamp":"2025-09-08 09:21:01"}
{"level":"info","message":"GET /api/vendors/analytics - ::1","service":"flux-pos-api","timestamp":"2025-09-08 09:21:01"}
{"level":"info","message":"GET /api/vendors/analytics - ::1","service":"flux-pos-api","timestamp":"2025-09-08 09:21:01"}
{"level":"info","message":"GET /api/vendors - ::1","service":"flux-pos-api","timestamp":"2025-09-08 09:21:15"}
{"level":"info","message":"GET /api/vendors - ::1","service":"flux-pos-api","timestamp":"2025-09-08 09:21:15"}
{"level":"info","message":"GET /api/vendors/pricing-plans - ::1","service":"flux-pos-api","timestamp":"2025-09-08 09:21:18"}
{"level":"info","message":"GET /api/vendors/pricing-plans - ::1","service":"flux-pos-api","timestamp":"2025-09-08 09:21:18"}
{"level":"info","message":"POST /api/auth/login - ::1","service":"flux-pos-api","timestamp":"2025-09-08 09:23:39"}
{"level":"info","message":"GET /api/sales - ::1","service":"flux-pos-api","timestamp":"2025-09-08 09:23:39"}
{"level":"info","message":"🚀 Server running on port 5000","service":"flux-pos-api","timestamp":"2025-09-08 09:29:26"}
{"level":"info","message":"📊 Environment: development","service":"flux-pos-api","timestamp":"2025-09-08 09:29:26"}
{"level":"info","message":"🔗 Frontend URL: http://localhost:3000","service":"flux-pos-api","timestamp":"2025-09-08 09:29:26"}
{"level":"info","message":"🚀 Server running on port 5000","service":"flux-pos-api","timestamp":"2025-09-08 09:29:42"}
{"level":"info","message":"📊 Environment: development","service":"flux-pos-api","timestamp":"2025-09-08 09:29:42"}
{"level":"info","message":"🔗 Frontend URL: http://localhost:3000","service":"flux-pos-api","timestamp":"2025-09-08 09:29:42"}
{"level":"info","message":"🚀 Server running on port 5000","service":"flux-pos-api","timestamp":"2025-09-08 09:30:20"}
{"level":"info","message":"📊 Environment: development","service":"flux-pos-api","timestamp":"2025-09-08 09:30:20"}
{"level":"info","message":"🔗 Frontend URL: http://localhost:3000","service":"flux-pos-api","timestamp":"2025-09-08 09:30:20"}
{"level":"info","message":"🚀 Server running on port 5000","service":"flux-pos-api","timestamp":"2025-09-08 09:30:46"}
{"level":"info","message":"📊 Environment: development","service":"flux-pos-api","timestamp":"2025-09-08 09:30:46"}
{"level":"info","message":"🔗 Frontend URL: http://localhost:3000","service":"flux-pos-api","timestamp":"2025-09-08 09:30:46"}
{"level":"info","message":"POST /api/auth/login - ::ffff:127.0.0.1","service":"flux-pos-api","timestamp":"2025-09-08 09:30:46"}
{"level":"info","message":"GET /api/vendors/analytics - ::1","service":"flux-pos-api","timestamp":"2025-09-08 09:30:46"}
{"level":"info","message":"GET /api/vendors - ::ffff:127.0.0.1","service":"flux-pos-api","timestamp":"2025-09-08 09:30:46"}
{"level":"info","message":"GET /api/vendors/support-tickets - ::1","service":"flux-pos-api","timestamp":"2025-09-08 09:30:46"}
{"level":"info","message":"GET /api/vendors - ::ffff:127.0.0.1","service":"flux-pos-api","timestamp":"2025-09-08 09:30:46"}
{"level":"info","message":"GET /api/vendors/support-tickets - ::1","service":"flux-pos-api","timestamp":"2025-09-08 09:30:46"}
{"level":"info","message":"GET /api/vendors/analytics - ::1","service":"flux-pos-api","timestamp":"2025-09-08 09:30:46"}
{"level":"info","message":"GET /api/vendors/analytics - ::1","service":"flux-pos-api","timestamp":"2025-09-08 09:30:46"}
{"level":"info","message":"GET /api/vendors/analytics - ::1","service":"flux-pos-api","timestamp":"2025-09-08 09:30:46"}
{"level":"info","message":"GET /api/vendors - ::1","service":"flux-pos-api","timestamp":"2025-09-08 09:30:54"}
{"level":"info","message":"GET /api/vendors - ::1","service":"flux-pos-api","timestamp":"2025-09-08 09:30:54"}
{"level":"info","message":"🚀 Server running on port 5000","service":"flux-pos-api","timestamp":"2025-09-08 09:31:28"}
{"level":"info","message":"📊 Environment: development","service":"flux-pos-api","timestamp":"2025-09-08 09:31:28"}
{"level":"info","message":"🔗 Frontend URL: http://localhost:3000","service":"flux-pos-api","timestamp":"2025-09-08 09:31:28"}
{"level":"info","message":"GET /api/vendors/analytics - ::1","service":"flux-pos-api","timestamp":"2025-09-08 09:31:30"}
{"level":"info","message":"GET /api/vendors - ::1","service":"flux-pos-api","timestamp":"2025-09-08 09:31:30"}
{"level":"info","message":"GET /api/vendors/support-tickets - ::1","service":"flux-pos-api","timestamp":"2025-09-08 09:31:30"}
{"level":"info","message":"GET /api/vendors/analytics - ::1","service":"flux-pos-api","timestamp":"2025-09-08 09:31:30"}
{"level":"info","message":"GET /api/vendors/support-tickets - ::1","service":"flux-pos-api","timestamp":"2025-09-08 09:31:30"}
{"level":"info","message":"GET /api/vendors - ::1","service":"flux-pos-api","timestamp":"2025-09-08 09:31:30"}
{"level":"info","message":"GET /api/vendors/analytics - ::1","service":"flux-pos-api","timestamp":"2025-09-08 09:31:30"}
{"level":"info","message":"GET /api/vendors/analytics - ::1","service":"flux-pos-api","timestamp":"2025-09-08 09:31:30"}
{"level":"info","message":"🚀 Server running on port 5000","service":"flux-pos-api","timestamp":"2025-09-08 09:32:40"}
{"level":"info","message":"📊 Environment: development","service":"flux-pos-api","timestamp":"2025-09-08 09:32:40"}
{"level":"info","message":"🔗 Frontend URL: http://localhost:3000","service":"flux-pos-api","timestamp":"2025-09-08 09:32:40"}
{"level":"info","message":"POST /api/auth/login - ::1","service":"flux-pos-api","timestamp":"2025-09-08 09:32:40"}
{"level":"info","message":"GET /api/vendors/analytics - ::1","service":"flux-pos-api","timestamp":"2025-09-08 09:32:41"}
{"level":"info","message":"GET /api/vendors - ::1","service":"flux-pos-api","timestamp":"2025-09-08 09:32:41"}
{"level":"info","message":"GET /api/vendors/support-tickets - ::1","service":"flux-pos-api","timestamp":"2025-09-08 09:32:41"}
{"level":"info","message":"GET /api/vendors/support-tickets - ::1","service":"flux-pos-api","timestamp":"2025-09-08 09:32:41"}
{"level":"info","message":"GET /api/vendors/analytics - ::1","service":"flux-pos-api","timestamp":"2025-09-08 09:32:41"}
{"level":"info","message":"GET /api/vendors - ::1","service":"flux-pos-api","timestamp":"2025-09-08 09:32:41"}
{"level":"info","message":"GET /api/vendors/analytics - ::1","service":"flux-pos-api","timestamp":"2025-09-08 09:32:41"}
{"level":"info","message":"GET /api/vendors/analytics - ::1","service":"flux-pos-api","timestamp":"2025-09-08 09:32:41"}
{"level":"info","message":"🚀 Server running on port 5000","service":"flux-pos-api","timestamp":"2025-09-08 09:33:12"}
{"level":"info","message":"📊 Environment: development","service":"flux-pos-api","timestamp":"2025-09-08 09:33:12"}
{"level":"info","message":"🔗 Frontend URL: http://localhost:3000","service":"flux-pos-api","timestamp":"2025-09-08 09:33:12"}
{"level":"info","message":"POST /api/auth/login - ::1","service":"flux-pos-api","timestamp":"2025-09-08 09:34:28"}
{"level":"info","message":"GET /api/vendors/analytics - ::1","service":"flux-pos-api","timestamp":"2025-09-08 09:34:28"}
{"level":"info","message":"GET /api/vendors - ::1","service":"flux-pos-api","timestamp":"2025-09-08 09:34:28"}
{"level":"info","message":"GET /api/vendors/support-tickets - ::1","service":"flux-pos-api","timestamp":"2025-09-08 09:34:28"}
{"level":"info","message":"GET /api/vendors/analytics - ::1","service":"flux-pos-api","timestamp":"2025-09-08 09:34:28"}
{"level":"info","message":"GET /api/vendors - ::1","service":"flux-pos-api","timestamp":"2025-09-08 09:34:29"}
{"level":"info","message":"GET /api/vendors/support-tickets - ::1","service":"flux-pos-api","timestamp":"2025-09-08 09:34:29"}
{"level":"info","message":"GET /api/vendors/analytics - ::1","service":"flux-pos-api","timestamp":"2025-09-08 09:34:29"}
{"level":"info","message":"GET /api/vendors/analytics - ::1","service":"flux-pos-api","timestamp":"2025-09-08 09:34:29"}
{"level":"info","message":"🚀 Server running on port 5000","service":"flux-pos-api","timestamp":"2025-09-08 09:36:08"}
{"level":"info","message":"📊 Environment: development","service":"flux-pos-api","timestamp":"2025-09-08 09:36:08"}
{"level":"info","message":"🔗 Frontend URL: http://localhost:3000","service":"flux-pos-api","timestamp":"2025-09-08 09:36:08"}
{"level":"info","message":"GET /api/vendors - ::1","service":"flux-pos-api","timestamp":"2025-09-08 09:39:00"}
{"level":"info","message":"GET /api/vendors - ::1","service":"flux-pos-api","timestamp":"2025-09-08 09:39:00"}
{"level":"info","message":"GET /api/vendors/pricing-plans - ::1","service":"flux-pos-api","timestamp":"2025-09-08 09:39:10"}
{"level":"info","message":"GET /api/vendors/pricing-plans - ::1","service":"flux-pos-api","timestamp":"2025-09-08 09:39:10"}
{"level":"info","message":"GET /api/vendors - ::1","service":"flux-pos-api","timestamp":"2025-09-08 09:39:28"}
{"level":"info","message":"GET /api/vendors - ::1","service":"flux-pos-api","timestamp":"2025-09-08 09:39:28"}
{"level":"info","message":"GET /api/vendors/analytics - ::1","service":"flux-pos-api","timestamp":"2025-09-08 09:39:29"}
{"level":"info","message":"GET /api/vendors - ::1","service":"flux-pos-api","timestamp":"2025-09-08 09:39:29"}
{"level":"info","message":"GET /api/vendors/support-tickets - ::1","service":"flux-pos-api","timestamp":"2025-09-08 09:39:29"}
{"level":"info","message":"GET /api/vendors - ::1","service":"flux-pos-api","timestamp":"2025-09-08 09:39:29"}
{"level":"info","message":"GET /api/vendors/analytics - ::1","service":"flux-pos-api","timestamp":"2025-09-08 09:39:29"}
{"level":"info","message":"GET /api/vendors/support-tickets - ::1","service":"flux-pos-api","timestamp":"2025-09-08 09:39:29"}
{"level":"info","message":"GET /api/vendors/analytics - ::1","service":"flux-pos-api","timestamp":"2025-09-08 09:39:29"}
{"level":"info","message":"GET /api/vendors/analytics - ::1","service":"flux-pos-api","timestamp":"2025-09-08 09:39:29"}
{"level":"info","message":"GET /api/vendors - ::1","service":"flux-pos-api","timestamp":"2025-09-08 09:39:37"}
{"level":"info","message":"GET /api/vendors - ::1","service":"flux-pos-api","timestamp":"2025-09-08 09:39:37"}
{"level":"info","message":"GET /api/vendors/pricing-plans - ::1","service":"flux-pos-api","timestamp":"2025-09-08 09:39:40"}
{"level":"info","message":"GET /api/vendors/pricing-plans - ::1","service":"flux-pos-api","timestamp":"2025-09-08 09:39:40"}
{"level":"info","message":"GET /api/vendors - ::1","service":"flux-pos-api","timestamp":"2025-09-08 09:39:59"}
{"level":"info","message":"GET /api/vendors - ::1","service":"flux-pos-api","timestamp":"2025-09-08 09:39:59"}
{"level":"info","message":"GET /api/vendors/analytics - ::1","service":"flux-pos-api","timestamp":"2025-09-08 09:40:01"}
{"level":"info","message":"GET /api/vendors - ::1","service":"flux-pos-api","timestamp":"2025-09-08 09:40:01"}
{"level":"info","message":"GET /api/vendors/support-tickets - ::1","service":"flux-pos-api","timestamp":"2025-09-08 09:40:01"}
{"level":"info","message":"GET /api/vendors/analytics - ::1","service":"flux-pos-api","timestamp":"2025-09-08 09:40:01"}
{"level":"info","message":"GET /api/vendors - ::1","service":"flux-pos-api","timestamp":"2025-09-08 09:40:01"}
{"level":"info","message":"GET /api/vendors/support-tickets - ::1","service":"flux-pos-api","timestamp":"2025-09-08 09:40:01"}
{"level":"info","message":"GET /api/vendors/analytics - ::1","service":"flux-pos-api","timestamp":"2025-09-08 09:40:01"}
{"level":"info","message":"GET /api/vendors/analytics - ::1","service":"flux-pos-api","timestamp":"2025-09-08 09:40:01"}
{"level":"info","message":"GET /api/vendors - ::1","service":"flux-pos-api","timestamp":"2025-09-08 09:40:50"}
{"level":"info","message":"GET /api/vendors - ::1","service":"flux-pos-api","timestamp":"2025-09-08 09:40:50"}
{"level":"info","message":"GET /api/vendors/pricing-plans - ::1","service":"flux-pos-api","timestamp":"2025-09-08 09:40:57"}
{"level":"info","message":"GET /api/vendors/pricing-plans - ::1","service":"flux-pos-api","timestamp":"2025-09-08 09:40:57"}
{"level":"info","message":"GET /api/vendors/analytics - ::1","service":"flux-pos-api","timestamp":"2025-09-08 09:43:32"}
{"level":"info","message":"GET /api/vendors - ::1","service":"flux-pos-api","timestamp":"2025-09-08 09:43:32"}
{"level":"info","message":"GET /api/vendors/support-tickets - ::1","service":"flux-pos-api","timestamp":"2025-09-08 09:43:32"}
{"level":"info","message":"GET /api/vendors/analytics - ::1","service":"flux-pos-api","timestamp":"2025-09-08 09:43:32"}
{"level":"info","message":"GET /api/vendors/support-tickets - ::1","service":"flux-pos-api","timestamp":"2025-09-08 09:43:32"}
{"level":"info","message":"GET /api/vendors - ::1","service":"flux-pos-api","timestamp":"2025-09-08 09:43:32"}
{"level":"info","message":"GET /api/vendors/analytics - ::1","service":"flux-pos-api","timestamp":"2025-09-08 09:43:32"}
{"level":"info","message":"GET /api/vendors/analytics - ::1","service":"flux-pos-api","timestamp":"2025-09-08 09:43:32"}
{"level":"info","message":"GET /api/auth/me - ::1","service":"flux-pos-api","timestamp":"2025-09-08 09:43:44"}
{"level":"info","message":"🚀 Server running on port 5000","service":"flux-pos-api","timestamp":"2025-09-08 09:45:15"}
{"level":"info","message":"📊 Environment: development","service":"flux-pos-api","timestamp":"2025-09-08 09:45:15"}
{"level":"info","message":"🔗 Frontend URL: http://localhost:3000","service":"flux-pos-api","timestamp":"2025-09-08 09:45:15"}
{"level":"info","message":"POST /api/auth/login - ::1","service":"flux-pos-api","timestamp":"2025-09-08 09:45:58"}
{"level":"info","message":"GET /api/vendors/analytics - ::1","service":"flux-pos-api","timestamp":"2025-09-08 09:45:58"}
{"level":"info","message":"GET /api/vendors - ::1","service":"flux-pos-api","timestamp":"2025-09-08 09:45:58"}
{"level":"info","message":"GET /api/vendors/support-tickets - ::1","service":"flux-pos-api","timestamp":"2025-09-08 09:45:58"}
{"level":"info","message":"GET /api/vendors/analytics - ::1","service":"flux-pos-api","timestamp":"2025-09-08 09:45:58"}
{"level":"info","message":"GET /api/vendors/support-tickets - ::1","service":"flux-pos-api","timestamp":"2025-09-08 09:45:59"}
{"level":"info","message":"GET /api/vendors - ::1","service":"flux-pos-api","timestamp":"2025-09-08 09:45:59"}
{"level":"info","message":"GET /api/vendors/analytics - ::1","service":"flux-pos-api","timestamp":"2025-09-08 09:45:59"}
{"level":"info","message":"GET /api/vendors/analytics - ::1","service":"flux-pos-api","timestamp":"2025-09-08 09:45:59"}
{"level":"info","message":"GET /api/vendors - ::1","service":"flux-pos-api","timestamp":"2025-09-08 09:46:04"}
{"level":"info","message":"GET /api/vendors - ::1","service":"flux-pos-api","timestamp":"2025-09-08 09:46:04"}
{"level":"info","message":"GET /api/vendors/pricing-plans - ::1","service":"flux-pos-api","timestamp":"2025-09-08 09:46:07"}
{"level":"info","message":"GET /api/vendors/pricing-plans - ::1","service":"flux-pos-api","timestamp":"2025-09-08 09:46:07"}
{"level":"info","message":"🚀 Server running on port 5000","service":"flux-pos-api","timestamp":"2025-09-08 09:48:14"}
{"level":"info","message":"📊 Environment: development","service":"flux-pos-api","timestamp":"2025-09-08 09:48:14"}
{"level":"info","message":"🔗 Frontend URL: http://localhost:3000","service":"flux-pos-api","timestamp":"2025-09-08 09:48:14"}
{"level":"info","message":"GET /api/vendors - ::1","service":"flux-pos-api","timestamp":"2025-09-08 09:49:00"}
{"level":"info","message":"GET /api/vendors - ::1","service":"flux-pos-api","timestamp":"2025-09-08 09:49:00"}
{"level":"info","message":"POST /api/auth/login - ::1","service":"flux-pos-api","timestamp":"2025-09-08 09:50:01"}
{"level":"info","message":"GET /api/sales - ::1","service":"flux-pos-api","timestamp":"2025-09-08 09:50:02"}
{"level":"info","message":"GET /api/customers - ::1","service":"flux-pos-api","timestamp":"2025-09-08 09:50:02"}
{"level":"info","message":"GET /api/products - ::1","service":"flux-pos-api","timestamp":"2025-09-08 09:50:02"}
{"level":"info","message":"GET /api/sales - ::1","service":"flux-pos-api","timestamp":"2025-09-08 09:50:02"}
{"level":"info","message":"GET /api/customers - ::1","service":"flux-pos-api","timestamp":"2025-09-08 09:50:02"}
{"level":"info","message":"GET /api/products - ::1","service":"flux-pos-api","timestamp":"2025-09-08 09:50:02"}
{"level":"info","message":"GET /api/auth/me - ::1","service":"flux-pos-api","timestamp":"2025-09-08 09:50:32"}
{"level":"info","message":"GET /api/auth/me - ::1","service":"flux-pos-api","timestamp":"2025-09-08 09:50:32"}
{"level":"info","message":"POST /api/auth/login - ::1","service":"flux-pos-api","timestamp":"2025-09-08 09:51:34"}
{"level":"info","message":"GET /api/vendors/analytics - ::1","service":"flux-pos-api","timestamp":"2025-09-08 09:51:34"}
{"level":"info","message":"GET /api/vendors - ::1","service":"flux-pos-api","timestamp":"2025-09-08 09:51:34"}
{"level":"info","message":"GET /api/vendors/support-tickets - ::1","service":"flux-pos-api","timestamp":"2025-09-08 09:51:34"}
{"level":"info","message":"GET /api/vendors/support-tickets - ::1","service":"flux-pos-api","timestamp":"2025-09-08 09:51:34"}
{"level":"info","message":"GET /api/vendors/analytics - ::1","service":"flux-pos-api","timestamp":"2025-09-08 09:51:34"}
{"level":"info","message":"GET /api/vendors - ::1","service":"flux-pos-api","timestamp":"2025-09-08 09:51:34"}
{"level":"info","message":"GET /api/vendors/analytics - ::1","service":"flux-pos-api","timestamp":"2025-09-08 09:51:34"}
{"level":"info","message":"GET /api/vendors/analytics - ::1","service":"flux-pos-api","timestamp":"2025-09-08 09:51:35"}
{"level":"info","message":"GET /api/vendors/pricing-plans - ::1","service":"flux-pos-api","timestamp":"2025-09-08 09:51:41"}
{"level":"info","message":"GET /api/vendors/pricing-plans - ::1","service":"flux-pos-api","timestamp":"2025-09-08 09:51:41"}
{"level":"info","message":"GET /api/auth/me - ::1","service":"flux-pos-api","timestamp":"2025-09-08 09:51:49"}
{"level":"info","message":"GET /api/auth/me - ::1","service":"flux-pos-api","timestamp":"2025-09-08 09:51:49"}
{"level":"info","message":"GET /api/auth/me - ::1","service":"flux-pos-api","timestamp":"2025-09-08 09:51:57"}
{"level":"info","message":"GET /api/auth/me - ::1","service":"flux-pos-api","timestamp":"2025-09-08 09:51:57"}
{"level":"info","message":"GET /api/auth/me - ::1","service":"flux-pos-api","timestamp":"2025-09-08 09:52:11"}
{"level":"info","message":"POST /api/auth/login - ::1","service":"flux-pos-api","timestamp":"2025-09-08 09:52:21"}
{"level":"info","message":"GET /api/vendors/analytics - ::1","service":"flux-pos-api","timestamp":"2025-09-08 09:52:21"}
{"level":"info","message":"GET /api/vendors - ::1","service":"flux-pos-api","timestamp":"2025-09-08 09:52:21"}
{"level":"info","message":"GET /api/vendors/support-tickets - ::1","service":"flux-pos-api","timestamp":"2025-09-08 09:52:21"}
{"level":"info","message":"GET /api/vendors/analytics - ::1","service":"flux-pos-api","timestamp":"2025-09-08 09:52:21"}
{"level":"info","message":"GET /api/vendors/support-tickets - ::1","service":"flux-pos-api","timestamp":"2025-09-08 09:52:21"}
{"level":"info","message":"GET /api/vendors - ::1","service":"flux-pos-api","timestamp":"2025-09-08 09:52:21"}
{"level":"info","message":"GET /api/vendors/analytics - ::1","service":"flux-pos-api","timestamp":"2025-09-08 09:52:21"}
{"level":"info","message":"GET /api/vendors/analytics - ::1","service":"flux-pos-api","timestamp":"2025-09-08 09:52:21"}
{"level":"info","message":"GET /api/vendors - ::1","service":"flux-pos-api","timestamp":"2025-09-08 09:52:26"}
{"level":"info","message":"GET /api/vendors - ::1","service":"flux-pos-api","timestamp":"2025-09-08 09:52:26"}
{"level":"info","message":"GET /api/vendors - ::1","service":"flux-pos-api","timestamp":"2025-09-08 09:52:26"}
{"level":"info","message":"GET /api/auth/me - ::1","service":"flux-pos-api","timestamp":"2025-09-08 09:52:26"}
{"level":"info","message":"GET /api/vendors - ::1","service":"flux-pos-api","timestamp":"2025-09-08 09:52:26"}
{"level":"info","message":"POST /api/auth/login - ::1","service":"flux-pos-api","timestamp":"2025-09-08 09:53:58"}
{"level":"info","message":"GET /api/vendors/analytics - ::1","service":"flux-pos-api","timestamp":"2025-09-08 09:53:59"}
{"level":"info","message":"GET /api/vendors - ::1","service":"flux-pos-api","timestamp":"2025-09-08 09:53:59"}
{"level":"info","message":"GET /api/vendors/support-tickets - ::1","service":"flux-pos-api","timestamp":"2025-09-08 09:53:59"}
{"level":"info","message":"GET /api/vendors/analytics - ::1","service":"flux-pos-api","timestamp":"2025-09-08 09:53:59"}
{"level":"info","message":"GET /api/vendors/support-tickets - ::1","service":"flux-pos-api","timestamp":"2025-09-08 09:53:59"}
{"level":"info","message":"GET /api/vendors - ::1","service":"flux-pos-api","timestamp":"2025-09-08 09:53:59"}
{"level":"info","message":"GET /api/vendors/analytics - ::1","service":"flux-pos-api","timestamp":"2025-09-08 09:53:59"}
{"level":"info","message":"GET /api/vendors/analytics - ::1","service":"flux-pos-api","timestamp":"2025-09-08 09:53:59"}
{"level":"info","message":"GET /api/vendors - ::1","service":"flux-pos-api","timestamp":"2025-09-08 09:54:05"}
{"level":"info","message":"GET /api/vendors - ::1","service":"flux-pos-api","timestamp":"2025-09-08 09:54:05"}
{"level":"info","message":"GET /api/vendors/pricing-plans - ::1","service":"flux-pos-api","timestamp":"2025-09-08 09:54:16"}
{"level":"info","message":"GET /api/vendors/pricing-plans - ::1","service":"flux-pos-api","timestamp":"2025-09-08 09:54:16"}
{"level":"info","message":"PUT /api/vendors/pricing-plans/enterprise - ::1","service":"flux-pos-api","timestamp":"2025-09-08 09:54:31"}
{"level":"info","message":"GET /api/vendors/pricing-plans - ::1","service":"flux-pos-api","timestamp":"2025-09-08 09:54:31"}
{"level":"info","message":"🚀 Server running on port 5000","service":"flux-pos-api","timestamp":"2025-09-08 09:58:54"}
{"level":"info","message":"📊 Environment: development","service":"flux-pos-api","timestamp":"2025-09-08 09:58:54"}
{"level":"info","message":"🔗 Frontend URL: http://localhost:3000","service":"flux-pos-api","timestamp":"2025-09-08 09:58:54"}
{"level":"info","message":"POST /api/auth/login - ::1","service":"flux-pos-api","timestamp":"2025-09-08 09:59:36"}
{"level":"info","message":"GET /api/vendors/analytics - ::1","service":"flux-pos-api","timestamp":"2025-09-08 09:59:36"}
{"level":"info","message":"GET /api/vendors - ::1","service":"flux-pos-api","timestamp":"2025-09-08 09:59:36"}
{"level":"info","message":"GET /api/vendors/support-tickets - ::1","service":"flux-pos-api","timestamp":"2025-09-08 09:59:36"}
{"level":"info","message":"GET /api/vendors/support-tickets - ::1","service":"flux-pos-api","timestamp":"2025-09-08 09:59:36"}
{"level":"info","message":"GET /api/vendors/analytics - ::1","service":"flux-pos-api","timestamp":"2025-09-08 09:59:36"}
{"level":"info","message":"GET /api/vendors - ::1","service":"flux-pos-api","timestamp":"2025-09-08 09:59:36"}
{"level":"info","message":"GET /api/vendors/analytics - ::1","service":"flux-pos-api","timestamp":"2025-09-08 09:59:37"}
{"level":"info","message":"GET /api/vendors/analytics - ::1","service":"flux-pos-api","timestamp":"2025-09-08 09:59:37"}
{"level":"info","message":"GET /api/vendors - ::1","service":"flux-pos-api","timestamp":"2025-09-08 09:59:42"}
{"level":"info","message":"GET /api/vendors - ::1","service":"flux-pos-api","timestamp":"2025-09-08 09:59:42"}
{"level":"info","message":"GET /api/vendors/analytics - ::1","service":"flux-pos-api","timestamp":"2025-09-08 09:59:46"}
{"level":"info","message":"GET /api/vendors/analytics - ::1","service":"flux-pos-api","timestamp":"2025-09-08 09:59:46"}
{"level":"info","message":"GET /api/vendors/pricing-plans - ::1","service":"flux-pos-api","timestamp":"2025-09-08 09:59:51"}
{"level":"info","message":"GET /api/vendors/pricing-plans - ::1","service":"flux-pos-api","timestamp":"2025-09-08 09:59:51"}
{"level":"info","message":"GET /api/vendors/support-tickets - ::1","service":"flux-pos-api","timestamp":"2025-09-08 09:59:57"}
{"level":"info","message":"GET /api/vendors/support-tickets - ::1","service":"flux-pos-api","timestamp":"2025-09-08 09:59:57"}
{"level":"info","message":"GET /api/vendors/analytics - ::1","service":"flux-pos-api","timestamp":"2025-09-08 10:00:00"}
{"level":"info","message":"GET /api/vendors/analytics - ::1","service":"flux-pos-api","timestamp":"2025-09-08 10:00:00"}
{"level":"info","message":"GET /api/vendors - ::1","service":"flux-pos-api","timestamp":"2025-09-08 10:00:05"}
{"level":"info","message":"GET /api/vendors - ::1","service":"flux-pos-api","timestamp":"2025-09-08 10:00:05"}
{"level":"info","message":"GET /api/vendors/analytics - ::1","service":"flux-pos-api","timestamp":"2025-09-08 10:00:07"}
{"level":"info","message":"GET /api/vendors - ::1","service":"flux-pos-api","timestamp":"2025-09-08 10:00:07"}
{"level":"info","message":"GET /api/vendors/support-tickets - ::1","service":"flux-pos-api","timestamp":"2025-09-08 10:00:07"}
{"level":"info","message":"GET /api/vendors/analytics - ::1","service":"flux-pos-api","timestamp":"2025-09-08 10:00:07"}
{"level":"info","message":"GET /api/vendors - ::1","service":"flux-pos-api","timestamp":"2025-09-08 10:00:07"}
{"level":"info","message":"GET /api/vendors/support-tickets - ::1","service":"flux-pos-api","timestamp":"2025-09-08 10:00:07"}
{"level":"info","message":"GET /api/vendors/analytics - ::1","service":"flux-pos-api","timestamp":"2025-09-08 10:00:07"}
{"level":"info","message":"GET /api/vendors/analytics - ::1","service":"flux-pos-api","timestamp":"2025-09-08 10:00:07"}
{"level":"info","message":"GET /api/vendors - ::1","service":"flux-pos-api","timestamp":"2025-09-08 10:00:15"}
{"level":"info","message":"GET /api/vendors - ::1","service":"flux-pos-api","timestamp":"2025-09-08 10:00:15"}
{"level":"info","message":"GET /api/vendors/analytics - ::1","service":"flux-pos-api","timestamp":"2025-09-08 10:00:22"}
{"level":"info","message":"GET /api/vendors/analytics - ::1","service":"flux-pos-api","timestamp":"2025-09-08 10:00:22"}
{"level":"info","message":"GET /api/vendors/analytics - ::1","service":"flux-pos-api","timestamp":"2025-09-08 10:00:23"}
{"level":"info","message":"GET /api/vendors - ::1","service":"flux-pos-api","timestamp":"2025-09-08 10:00:24"}
{"level":"info","message":"GET /api/vendors/support-tickets - ::1","service":"flux-pos-api","timestamp":"2025-09-08 10:00:24"}
{"level":"info","message":"GET /api/vendors/analytics - ::1","service":"flux-pos-api","timestamp":"2025-09-08 10:00:24"}
{"level":"info","message":"GET /api/vendors - ::1","service":"flux-pos-api","timestamp":"2025-09-08 10:00:24"}
{"level":"info","message":"GET /api/vendors/support-tickets - ::1","service":"flux-pos-api","timestamp":"2025-09-08 10:00:24"}
{"level":"info","message":"GET /api/vendors/analytics - ::1","service":"flux-pos-api","timestamp":"2025-09-08 10:00:24"}
{"level":"info","message":"GET /api/vendors/analytics - ::1","service":"flux-pos-api","timestamp":"2025-09-08 10:00:24"}
{"level":"info","message":"GET /api/vendors/analytics - ::1","service":"flux-pos-api","timestamp":"2025-09-08 10:00:25"}
{"level":"info","message":"GET /api/vendors/analytics - ::1","service":"flux-pos-api","timestamp":"2025-09-08 10:00:25"}
{"level":"info","message":"GET /api/vendors/analytics - ::1","service":"flux-pos-api","timestamp":"2025-09-08 10:00:35"}
{"level":"info","message":"GET /api/vendors - ::1","service":"flux-pos-api","timestamp":"2025-09-08 10:00:35"}
{"level":"info","message":"GET /api/vendors/support-tickets - ::1","service":"flux-pos-api","timestamp":"2025-09-08 10:00:35"}
{"level":"info","message":"GET /api/vendors/analytics - ::1","service":"flux-pos-api","timestamp":"2025-09-08 10:00:35"}
{"level":"info","message":"GET /api/vendors - ::1","service":"flux-pos-api","timestamp":"2025-09-08 10:00:35"}
{"level":"info","message":"GET /api/vendors/support-tickets - ::1","service":"flux-pos-api","timestamp":"2025-09-08 10:00:35"}
{"level":"info","message":"GET /api/vendors/analytics - ::1","service":"flux-pos-api","timestamp":"2025-09-08 10:00:35"}
{"level":"info","message":"GET /api/vendors/analytics - ::1","service":"flux-pos-api","timestamp":"2025-09-08 10:00:35"}
{"level":"info","message":"GET /api/vendors - ::1","service":"flux-pos-api","timestamp":"2025-09-08 10:00:43"}
{"level":"info","message":"GET /api/vendors - ::1","service":"flux-pos-api","timestamp":"2025-09-08 10:00:43"}
{"level":"info","message":"GET /api/vendors/analytics - ::1","service":"flux-pos-api","timestamp":"2025-09-08 10:00:51"}
{"level":"info","message":"GET /api/vendors/analytics - ::1","service":"flux-pos-api","timestamp":"2025-09-08 10:00:51"}
{"level":"info","message":"GET /api/vendors/pricing-plans - ::1","service":"flux-pos-api","timestamp":"2025-09-08 10:00:57"}
{"level":"info","message":"GET /api/vendors/pricing-plans - ::1","service":"flux-pos-api","timestamp":"2025-09-08 10:00:57"}
{"level":"info","message":"PUT /api/vendors/pricing-plans/enterprise - ::1","service":"flux-pos-api","timestamp":"2025-09-08 10:01:40"}
{"level":"info","message":"GET /api/vendors/pricing-plans - ::1","service":"flux-pos-api","timestamp":"2025-09-08 10:01:40"}
{"level":"info","message":"Shutting down gracefully...","service":"flux-pos-api","timestamp":"2025-09-08 10:15:19"}
{"level":"info","message":"🚀 Server running on port 5000","service":"flux-pos-api","timestamp":"2025-09-08 10:15:33"}
{"level":"info","message":"📊 Environment: development","service":"flux-pos-api","timestamp":"2025-09-08 10:15:33"}
{"level":"info","message":"🔗 Frontend URL: http://localhost:3000","service":"flux-pos-api","timestamp":"2025-09-08 10:15:33"}
{"level":"info","message":"POST /api/auth/login - ::1","service":"flux-pos-api","timestamp":"2025-09-08 10:15:56"}
{"level":"info","message":"GET /api/vendors/analytics - ::1","service":"flux-pos-api","timestamp":"2025-09-08 10:15:57"}
{"level":"info","message":"GET /api/vendors - ::1","service":"flux-pos-api","timestamp":"2025-09-08 10:15:57"}
{"level":"info","message":"GET /api/vendors/support-tickets - ::1","service":"flux-pos-api","timestamp":"2025-09-08 10:15:57"}
{"level":"info","message":"GET /api/vendors - ::1","service":"flux-pos-api","timestamp":"2025-09-08 10:15:57"}
{"level":"info","message":"GET /api/vendors/support-tickets - ::1","service":"flux-pos-api","timestamp":"2025-09-08 10:15:57"}
{"level":"info","message":"GET /api/vendors/analytics - ::1","service":"flux-pos-api","timestamp":"2025-09-08 10:15:57"}
{"level":"info","message":"GET /api/vendors/analytics - ::1","service":"flux-pos-api","timestamp":"2025-09-08 10:15:57"}
{"level":"info","message":"GET /api/vendors/analytics - ::1","service":"flux-pos-api","timestamp":"2025-09-08 10:15:57"}
{"level":"info","message":"GET /api/vendors - ::1","service":"flux-pos-api","timestamp":"2025-09-08 10:16:02"}
{"level":"info","message":"GET /api/vendors - ::1","service":"flux-pos-api","timestamp":"2025-09-08 10:16:02"}
{"level":"info","message":"GET /api/vendors/analytics - ::1","service":"flux-pos-api","timestamp":"2025-09-08 10:16:07"}
{"level":"info","message":"GET /api/vendors/analytics - ::1","service":"flux-pos-api","timestamp":"2025-09-08 10:16:07"}
{"level":"info","message":"GET /api/vendors/pricing-plans - ::1","service":"flux-pos-api","timestamp":"2025-09-08 10:16:08"}
{"level":"info","message":"GET /api/vendors/pricing-plans - ::1","service":"flux-pos-api","timestamp":"2025-09-08 10:16:08"}
{"level":"info","message":"GET /api/vendors/analytics - ::1","service":"flux-pos-api","timestamp":"2025-09-08 10:17:42"}
{"level":"info","message":"GET /api/vendors - ::1","service":"flux-pos-api","timestamp":"2025-09-08 10:17:42"}
{"level":"info","message":"GET /api/vendors/support-tickets - ::1","service":"flux-pos-api","timestamp":"2025-09-08 10:17:42"}
{"level":"info","message":"GET /api/vendors/analytics - ::1","service":"flux-pos-api","timestamp":"2025-09-08 10:17:42"}
{"level":"info","message":"GET /api/vendors/support-tickets - ::1","service":"flux-pos-api","timestamp":"2025-09-08 10:17:42"}
{"level":"info","message":"GET /api/vendors - ::1","service":"flux-pos-api","timestamp":"2025-09-08 10:17:42"}
{"level":"info","message":"GET /api/vendors/analytics - ::1","service":"flux-pos-api","timestamp":"2025-09-08 10:17:42"}
{"level":"info","message":"GET /api/vendors/analytics - ::1","service":"flux-pos-api","timestamp":"2025-09-08 10:17:42"}
{"level":"info","message":"GET /api/vendors - ::1","service":"flux-pos-api","timestamp":"2025-09-08 10:17:43"}
{"level":"info","message":"GET /api/vendors - ::1","service":"flux-pos-api","timestamp":"2025-09-08 10:17:44"}
{"level":"info","message":"🚀 Server running on port 5000","service":"flux-pos-api","timestamp":"2025-09-08 10:28:45"}
{"level":"info","message":"📊 Environment: development","service":"flux-pos-api","timestamp":"2025-09-08 10:28:45"}
{"level":"info","message":"🔗 Frontend URL: http://localhost:3000","service":"flux-pos-api","timestamp":"2025-09-08 10:28:45"}
{"level":"info","message":"GET /api/vendors/analytics - ::1","service":"flux-pos-api","timestamp":"2025-09-08 10:28:51"}
{"level":"info","message":"GET /api/vendors/analytics - ::1","service":"flux-pos-api","timestamp":"2025-09-08 10:28:51"}
{"level":"info","message":"GET /api/vendors/pricing-plans - ::1","service":"flux-pos-api","timestamp":"2025-09-08 10:28:52"}
{"level":"info","message":"GET /api/vendors/pricing-plans - ::1","service":"flux-pos-api","timestamp":"2025-09-08 10:28:52"}
{"level":"info","message":"GET /api/auth/me - ::1","service":"flux-pos-api","timestamp":"2025-09-08 10:29:05"}
{"level":"info","message":"GET /api/auth/me - ::1","service":"flux-pos-api","timestamp":"2025-09-08 10:29:05"}
{"level":"info","message":"POST /api/auth/login - ::1","service":"flux-pos-api","timestamp":"2025-09-08 10:29:30"}
{"level":"info","message":"GET /api/vendors/analytics - ::1","service":"flux-pos-api","timestamp":"2025-09-08 10:29:31"}
{"level":"info","message":"GET /api/vendors - ::1","service":"flux-pos-api","timestamp":"2025-09-08 10:29:31"}
{"level":"info","message":"GET /api/vendors/support-tickets - ::1","service":"flux-pos-api","timestamp":"2025-09-08 10:29:31"}
{"level":"info","message":"GET /api/vendors/analytics - ::1","service":"flux-pos-api","timestamp":"2025-09-08 10:29:31"}
{"level":"info","message":"GET /api/vendors/support-tickets - ::1","service":"flux-pos-api","timestamp":"2025-09-08 10:29:31"}
{"level":"info","message":"GET /api/vendors - ::1","service":"flux-pos-api","timestamp":"2025-09-08 10:29:31"}
{"level":"info","message":"GET /api/vendors/analytics - ::1","service":"flux-pos-api","timestamp":"2025-09-08 10:29:31"}
{"level":"info","message":"GET /api/vendors/analytics - ::1","service":"flux-pos-api","timestamp":"2025-09-08 10:29:31"}
{"level":"info","message":"GET /api/vendors/pricing-plans - ::1","service":"flux-pos-api","timestamp":"2025-09-08 10:29:38"}
{"level":"info","message":"GET /api/vendors/pricing-plans - ::1","service":"flux-pos-api","timestamp":"2025-09-08 10:29:38"}
{"level":"info","message":"Shutting down gracefully...","service":"flux-pos-api","timestamp":"2025-09-08 10:31:23"}
{"level":"info","message":"🚀 Server running on port 5000","service":"flux-pos-api","timestamp":"2025-09-08 10:33:23"}
{"level":"info","message":"📊 Environment: development","service":"flux-pos-api","timestamp":"2025-09-08 10:33:23"}
{"level":"info","message":"🔗 Frontend URL: http://localhost:3000","service":"flux-pos-api","timestamp":"2025-09-08 10:33:23"}
{"level":"info","message":"Shutting down gracefully...","service":"flux-pos-api","timestamp":"2025-09-08 10:34:31"}
{"level":"info","message":"🚀 Server running on port 5000","service":"flux-pos-api","timestamp":"2025-09-08 10:34:39"}
{"level":"info","message":"📊 Environment: development","service":"flux-pos-api","timestamp":"2025-09-08 10:34:39"}
{"level":"info","message":"🔗 Frontend URL: http://localhost:3000","service":"flux-pos-api","timestamp":"2025-09-08 10:34:39"}
{"level":"info","message":"GET /api/auth/me - ::1","service":"flux-pos-api","timestamp":"2025-09-08 10:34:59"}
{"level":"info","message":"GET /api/auth/me - ::1","service":"flux-pos-api","timestamp":"2025-09-08 10:34:59"}
{"level":"info","message":"POST /api/auth/login - ::1","service":"flux-pos-api","timestamp":"2025-09-08 10:35:08"}
{"level":"info","message":"GET /api/vendors/analytics - ::1","service":"flux-pos-api","timestamp":"2025-09-08 10:35:08"}
{"level":"info","message":"GET /api/vendors - ::1","service":"flux-pos-api","timestamp":"2025-09-08 10:35:08"}
{"level":"info","message":"GET /api/vendors/support-tickets - ::1","service":"flux-pos-api","timestamp":"2025-09-08 10:35:08"}
{"level":"info","message":"GET /api/vendors/support-tickets - ::1","service":"flux-pos-api","timestamp":"2025-09-08 10:35:09"}
{"level":"info","message":"GET /api/vendors - ::1","service":"flux-pos-api","timestamp":"2025-09-08 10:35:09"}
{"level":"info","message":"GET /api/vendors/analytics - ::1","service":"flux-pos-api","timestamp":"2025-09-08 10:35:09"}
{"level":"info","message":"GET /api/vendors/analytics - ::1","service":"flux-pos-api","timestamp":"2025-09-08 10:35:09"}
{"level":"info","message":"GET /api/vendors/analytics - ::1","service":"flux-pos-api","timestamp":"2025-09-08 10:35:09"}
{"level":"info","message":"GET /api/vendors/pricing-plans - ::1","service":"flux-pos-api","timestamp":"2025-09-08 10:35:11"}
{"level":"info","message":"GET /api/vendors/pricing-plans - ::1","service":"flux-pos-api","timestamp":"2025-09-08 10:35:11"}
{"level":"info","message":"🚀 Server running on port 5000","service":"flux-pos-api","timestamp":"2025-09-08 10:37:37"}
{"level":"info","message":"📊 Environment: development","service":"flux-pos-api","timestamp":"2025-09-08 10:37:37"}
{"level":"info","message":"🔗 Frontend URL: http://localhost:3000","service":"flux-pos-api","timestamp":"2025-09-08 10:37:37"}
{"level":"info","message":"GET /api/auth/me - ::1","service":"flux-pos-api","timestamp":"2025-09-08 10:38:39"}
{"level":"info","message":"GET /api/auth/me - ::1","service":"flux-pos-api","timestamp":"2025-09-08 10:38:39"}
{"level":"info","message":"POST /api/auth/login - ::1","service":"flux-pos-api","timestamp":"2025-09-08 10:38:58"}
{"level":"info","message":"GET /api/vendors/analytics - ::1","service":"flux-pos-api","timestamp":"2025-09-08 10:38:58"}
{"level":"info","message":"GET /api/vendors - ::1","service":"flux-pos-api","timestamp":"2025-09-08 10:38:58"}
{"level":"info","message":"GET /api/vendors/support-tickets - ::1","service":"flux-pos-api","timestamp":"2025-09-08 10:38:58"}
{"level":"info","message":"GET /api/vendors/support-tickets - ::1","service":"flux-pos-api","timestamp":"2025-09-08 10:38:58"}
{"level":"info","message":"GET /api/vendors - ::1","service":"flux-pos-api","timestamp":"2025-09-08 10:38:59"}
{"level":"info","message":"GET /api/vendors/analytics - ::1","service":"flux-pos-api","timestamp":"2025-09-08 10:38:59"}
{"level":"info","message":"GET /api/vendors/analytics - ::1","service":"flux-pos-api","timestamp":"2025-09-08 10:38:59"}
{"level":"info","message":"GET /api/vendors/analytics - ::1","service":"flux-pos-api","timestamp":"2025-09-08 10:38:59"}
{"level":"info","message":"GET /api/vendors - ::1","service":"flux-pos-api","timestamp":"2025-09-08 10:39:05"}
{"level":"info","message":"GET /api/vendors - ::1","service":"flux-pos-api","timestamp":"2025-09-08 10:39:05"}
{"level":"info","message":"GET /api/vendors/analytics - ::1","service":"flux-pos-api","timestamp":"2025-09-08 10:39:07"}
{"level":"info","message":"GET /api/vendors/analytics - ::1","service":"flux-pos-api","timestamp":"2025-09-08 10:39:07"}
{"level":"info","message":"GET /api/vendors/pricing-plans - ::1","service":"flux-pos-api","timestamp":"2025-09-08 10:39:08"}
{"level":"info","message":"GET /api/vendors/pricing-plans - ::1","service":"flux-pos-api","timestamp":"2025-09-08 10:39:08"}
{"level":"info","message":"PUT /api/vendors/pricing-plans/cmfauzrjj00013vlq63fdutvz - ::1","service":"flux-pos-api","timestamp":"2025-09-08 10:39:23"}
{"level":"info","message":"GET /api/vendors/pricing-plans - ::1","service":"flux-pos-api","timestamp":"2025-09-08 10:39:23"}
{"level":"info","message":"PUT /api/vendors/pricing-plans/cmfauzrjt00023vlq4v8phwr9 - ::1","service":"flux-pos-api","timestamp":"2025-09-08 10:39:39"}
{"level":"info","message":"GET /api/vendors/pricing-plans - ::1","service":"flux-pos-api","timestamp":"2025-09-08 10:39:39"}
{"level":"info","message":"PUT /api/vendors/pricing-plans/cmfauzrjy00033vlq1zj2pgd5 - ::1","service":"flux-pos-api","timestamp":"2025-09-08 10:39:52"}
{"level":"info","message":"GET /api/vendors/pricing-plans - ::1","service":"flux-pos-api","timestamp":"2025-09-08 10:39:52"}
{"level":"info","message":"GET /api/vendors/analytics - ::1","service":"flux-pos-api","timestamp":"2025-09-08 10:39:55"}
{"level":"info","message":"GET /api/vendors/analytics - ::1","service":"flux-pos-api","timestamp":"2025-09-08 10:39:55"}
{"level":"info","message":"GET /api/vendors/pricing-plans - ::1","service":"flux-pos-api","timestamp":"2025-09-08 10:39:56"}
{"level":"info","message":"GET /api/vendors/pricing-plans - ::1","service":"flux-pos-api","timestamp":"2025-09-08 10:39:56"}
{"level":"info","message":"PUT /api/vendors/pricing-plans/cmfauzrjj00013vlq63fdutvz - ::1","service":"flux-pos-api","timestamp":"2025-09-08 10:40:12"}
{"level":"info","message":"GET /api/vendors/pricing-plans - ::1","service":"flux-pos-api","timestamp":"2025-09-08 10:40:12"}
{"level":"info","message":"GET /api/vendors/analytics - ::1","service":"flux-pos-api","timestamp":"2025-09-08 10:40:17"}
{"level":"info","message":"GET /api/vendors/analytics - ::1","service":"flux-pos-api","timestamp":"2025-09-08 10:40:17"}
{"level":"info","message":"GET /api/vendors - ::1","service":"flux-pos-api","timestamp":"2025-09-08 10:40:23"}
{"level":"info","message":"GET /api/vendors - ::1","service":"flux-pos-api","timestamp":"2025-09-08 10:40:23"}
{"level":"info","message":"GET /api/vendors/analytics - ::1","service":"flux-pos-api","timestamp":"2025-09-08 10:44:21"}
{"level":"info","message":"GET /api/vendors - ::1","service":"flux-pos-api","timestamp":"2025-09-08 10:44:21"}
{"level":"info","message":"GET /api/vendors/support-tickets - ::1","service":"flux-pos-api","timestamp":"2025-09-08 10:44:21"}
{"level":"info","message":"GET /api/vendors - ::1","service":"flux-pos-api","timestamp":"2025-09-08 10:44:21"}
{"level":"info","message":"GET /api/vendors/support-tickets - ::1","service":"flux-pos-api","timestamp":"2025-09-08 10:44:21"}
{"level":"info","message":"GET /api/vendors/analytics - ::1","service":"flux-pos-api","timestamp":"2025-09-08 10:44:21"}
{"level":"info","message":"GET /api/vendors/analytics - ::1","service":"flux-pos-api","timestamp":"2025-09-08 10:44:21"}
{"level":"info","message":"GET /api/vendors/analytics - ::1","service":"flux-pos-api","timestamp":"2025-09-08 10:44:21"}
{"level":"info","message":"GET /api/vendors - ::1","service":"flux-pos-api","timestamp":"2025-09-08 10:44:25"}
{"level":"info","message":"GET /api/vendors - ::1","service":"flux-pos-api","timestamp":"2025-09-08 10:44:25"}
{"level":"info","message":"GET /api/vendors/analytics - ::1","service":"flux-pos-api","timestamp":"2025-09-08 10:44:26"}
{"level":"info","message":"GET /api/vendors/analytics - ::1","service":"flux-pos-api","timestamp":"2025-09-08 10:44:26"}
{"level":"info","message":"GET /api/vendors/pricing-plans - ::1","service":"flux-pos-api","timestamp":"2025-09-08 10:44:29"}
{"level":"info","message":"GET /api/vendors/pricing-plans - ::1","service":"flux-pos-api","timestamp":"2025-09-08 10:44:29"}
{"level":"info","message":"GET /api/vendors/analytics - ::1","service":"flux-pos-api","timestamp":"2025-09-08 10:44:34"}
{"level":"info","message":"GET /api/vendors - ::1","service":"flux-pos-api","timestamp":"2025-09-08 10:44:34"}
{"level":"info","message":"GET /api/vendors/support-tickets - ::1","service":"flux-pos-api","timestamp":"2025-09-08 10:44:34"}
{"level":"info","message":"GET /api/vendors/analytics - ::1","service":"flux-pos-api","timestamp":"2025-09-08 10:44:34"}
{"level":"info","message":"GET /api/vendors/support-tickets - ::1","service":"flux-pos-api","timestamp":"2025-09-08 10:44:34"}
{"level":"info","message":"GET /api/vendors - ::1","service":"flux-pos-api","timestamp":"2025-09-08 10:44:34"}
{"level":"info","message":"GET /api/vendors/analytics - ::1","service":"flux-pos-api","timestamp":"2025-09-08 10:44:34"}
{"level":"info","message":"🚀 Server running on port 5000","service":"flux-pos-api","timestamp":"2025-09-08 10:45:47"}
{"level":"info","message":"📊 Environment: development","service":"flux-pos-api","timestamp":"2025-09-08 10:45:47"}
{"level":"info","message":"🔗 Frontend URL: http://localhost:3000","service":"flux-pos-api","timestamp":"2025-09-08 10:45:47"}
{"level":"info","message":"🚀 Server running on port 5000","service":"flux-pos-api","timestamp":"2025-09-08 10:46:48"}
{"level":"info","message":"📊 Environment: development","service":"flux-pos-api","timestamp":"2025-09-08 10:46:48"}
{"level":"info","message":"🔗 Frontend URL: http://localhost:3000","service":"flux-pos-api","timestamp":"2025-09-08 10:46:48"}
{"level":"info","message":"GET /api/vendors - ::1","service":"flux-pos-api","timestamp":"2025-09-08 10:47:22"}
{"level":"info","message":"GET /api/vendors - ::1","service":"flux-pos-api","timestamp":"2025-09-08 10:47:22"}
{"level":"info","message":"GET /api/vendors/cashiers - ::1","service":"flux-pos-api","timestamp":"2025-09-08 10:47:24"}
{"clientVersion":"5.22.0","level":"error","message":"\nInvalid `prisma.user.count()` invocation in\nC:\\Users\\limba\\Documents\\flux\\backend\\src\\controllers\\vendorController.ts:597:17\n\n  594   },\n  595   orderBy: { createdAt: 'desc' }\n  596 }),\n→ 597 prisma.user.count({\n        select: {\n          _count: {\n            select: {\n              _all: true\n            }\n          }\n        },\n        where: {\n          role: {\n            in: [\n              \"CASHIER\",\n              \"MANAGER\"\n            ]\n            ~~~~~~~~~~~\n          }\n        }\n      })\n\nInvalid value for argument `in`. Expected UserRole.","name":"PrismaClientValidationError","service":"flux-pos-api","stack":"PrismaClientValidationError: \nInvalid `prisma.user.count()` invocation in\nC:\\Users\\limba\\Documents\\flux\\backend\\src\\controllers\\vendorController.ts:597:17\n\n  594   },\n  595   orderBy: { createdAt: 'desc' }\n  596 }),\n→ 597 prisma.user.count({\n        select: {\n          _count: {\n            select: {\n              _all: true\n            }\n          }\n        },\n        where: {\n          role: {\n            in: [\n              \"CASHIER\",\n              \"MANAGER\"\n            ]\n            ~~~~~~~~~~~\n          }\n        }\n      })\n\nInvalid value for argument `in`. Expected UserRole.\n    at wn (C:\\Users\\limba\\Documents\\flux\\backend\\node_modules\\@prisma\\client\\runtime\\library.js:29:1363)\n    at $n.handleRequestError (C:\\Users\\limba\\Documents\\flux\\backend\\node_modules\\@prisma\\client\\runtime\\library.js:121:6958)\n    at $n.handleAndLogRequestError (C:\\Users\\limba\\Documents\\flux\\backend\\node_modules\\@prisma\\client\\runtime\\library.js:121:6623)\n    at $n.request (C:\\Users\\limba\\Documents\\flux\\backend\\node_modules\\@prisma\\client\\runtime\\library.js:121:6307)\n    at async l (C:\\Users\\limba\\Documents\\flux\\backend\\node_modules\\@prisma\\client\\runtime\\library.js:130:9633)\n    at async Promise.all (index 1)\n    at async C:\\Users\\limba\\Documents\\flux\\backend\\src\\controllers\\vendorController.ts:583:29","timestamp":"2025-09-08 10:47:24"}
{"level":"info","message":"GET /api/vendors - ::1","service":"flux-pos-api","timestamp":"2025-09-08 10:47:30"}
{"level":"info","message":"GET /api/vendors/cashiers - ::1","service":"flux-pos-api","timestamp":"2025-09-08 10:47:35"}
{"clientVersion":"5.22.0","level":"error","message":"\nInvalid `prisma.user.count()` invocation in\nC:\\Users\\limba\\Documents\\flux\\backend\\src\\controllers\\vendorController.ts:597:17\n\n  594   },\n  595   orderBy: { createdAt: 'desc' }\n  596 }),\n→ 597 prisma.user.count({\n        select: {\n          _count: {\n            select: {\n              _all: true\n            }\n          }\n        },\n        where: {\n          role: {\n            in: [\n              \"CASHIER\",\n              \"MANAGER\"\n            ]\n            ~~~~~~~~~~~\n          }\n        }\n      })\n\nInvalid value for argument `in`. Expected UserRole.","name":"PrismaClientValidationError","service":"flux-pos-api","stack":"PrismaClientValidationError: \nInvalid `prisma.user.count()` invocation in\nC:\\Users\\limba\\Documents\\flux\\backend\\src\\controllers\\vendorController.ts:597:17\n\n  594   },\n  595   orderBy: { createdAt: 'desc' }\n  596 }),\n→ 597 prisma.user.count({\n        select: {\n          _count: {\n            select: {\n              _all: true\n            }\n          }\n        },\n        where: {\n          role: {\n            in: [\n              \"CASHIER\",\n              \"MANAGER\"\n            ]\n            ~~~~~~~~~~~\n          }\n        }\n      })\n\nInvalid value for argument `in`. Expected UserRole.\n    at wn (C:\\Users\\limba\\Documents\\flux\\backend\\node_modules\\@prisma\\client\\runtime\\library.js:29:1363)\n    at $n.handleRequestError (C:\\Users\\limba\\Documents\\flux\\backend\\node_modules\\@prisma\\client\\runtime\\library.js:121:6958)\n    at $n.handleAndLogRequestError (C:\\Users\\limba\\Documents\\flux\\backend\\node_modules\\@prisma\\client\\runtime\\library.js:121:6623)\n    at $n.request (C:\\Users\\limba\\Documents\\flux\\backend\\node_modules\\@prisma\\client\\runtime\\library.js:121:6307)\n    at async l (C:\\Users\\limba\\Documents\\flux\\backend\\node_modules\\@prisma\\client\\runtime\\library.js:130:9633)\n    at async Promise.all (index 1)\n    at async C:\\Users\\limba\\Documents\\flux\\backend\\src\\controllers\\vendorController.ts:583:29","timestamp":"2025-09-08 10:47:35"}
{"level":"info","message":"GET /api/vendors/pricing-plans - ::1","service":"flux-pos-api","timestamp":"2025-09-08 10:47:45"}
{"level":"info","message":"GET /api/vendors/pricing-plans - ::1","service":"flux-pos-api","timestamp":"2025-09-08 10:47:45"}
{"level":"info","message":"GET /api/vendors/support-tickets - ::1","service":"flux-pos-api","timestamp":"2025-09-08 10:47:46"}
{"level":"info","message":"GET /api/vendors/support-tickets - ::1","service":"flux-pos-api","timestamp":"2025-09-08 10:47:46"}
{"level":"info","message":"GET /api/vendors/pricing-plans - ::1","service":"flux-pos-api","timestamp":"2025-09-08 10:47:51"}
{"level":"info","message":"GET /api/vendors/pricing-plans - ::1","service":"flux-pos-api","timestamp":"2025-09-08 10:47:51"}
{"level":"info","message":"GET /api/vendors/analytics - ::1","service":"flux-pos-api","timestamp":"2025-09-08 10:47:52"}
{"level":"info","message":"GET /api/vendors/analytics - ::1","service":"flux-pos-api","timestamp":"2025-09-08 10:47:52"}
{"level":"info","message":"GET /api/vendors - ::1","service":"flux-pos-api","timestamp":"2025-09-08 10:47:54"}
{"level":"info","message":"GET /api/vendors - ::1","service":"flux-pos-api","timestamp":"2025-09-08 10:47:54"}
{"level":"info","message":"GET /api/vendors/cashiers - ::1","service":"flux-pos-api","timestamp":"2025-09-08 10:48:07"}
{"clientVersion":"5.22.0","level":"error","message":"\nInvalid `prisma.user.count()` invocation in\nC:\\Users\\limba\\Documents\\flux\\backend\\src\\controllers\\vendorController.ts:597:17\n\n  594   },\n  595   orderBy: { createdAt: 'desc' }\n  596 }),\n→ 597 prisma.user.count({\n        select: {\n          _count: {\n            select: {\n              _all: true\n            }\n          }\n        },\n        where: {\n          role: {\n            in: [\n              \"CASHIER\",\n              \"MANAGER\"\n            ]\n            ~~~~~~~~~~~\n          }\n        }\n      })\n\nInvalid value for argument `in`. Expected UserRole.","name":"PrismaClientValidationError","service":"flux-pos-api","stack":"PrismaClientValidationError: \nInvalid `prisma.user.count()` invocation in\nC:\\Users\\limba\\Documents\\flux\\backend\\src\\controllers\\vendorController.ts:597:17\n\n  594   },\n  595   orderBy: { createdAt: 'desc' }\n  596 }),\n→ 597 prisma.user.count({\n        select: {\n          _count: {\n            select: {\n              _all: true\n            }\n          }\n        },\n        where: {\n          role: {\n            in: [\n              \"CASHIER\",\n              \"MANAGER\"\n            ]\n            ~~~~~~~~~~~\n          }\n        }\n      })\n\nInvalid value for argument `in`. Expected UserRole.\n    at wn (C:\\Users\\limba\\Documents\\flux\\backend\\node_modules\\@prisma\\client\\runtime\\library.js:29:1363)\n    at $n.handleRequestError (C:\\Users\\limba\\Documents\\flux\\backend\\node_modules\\@prisma\\client\\runtime\\library.js:121:6958)\n    at $n.handleAndLogRequestError (C:\\Users\\limba\\Documents\\flux\\backend\\node_modules\\@prisma\\client\\runtime\\library.js:121:6623)\n    at $n.request (C:\\Users\\limba\\Documents\\flux\\backend\\node_modules\\@prisma\\client\\runtime\\library.js:121:6307)\n    at async l (C:\\Users\\limba\\Documents\\flux\\backend\\node_modules\\@prisma\\client\\runtime\\library.js:130:9633)\n    at async Promise.all (index 1)\n    at async C:\\Users\\limba\\Documents\\flux\\backend\\src\\controllers\\vendorController.ts:583:29","timestamp":"2025-09-08 10:48:07"}
{"level":"info","message":"🚀 Server running on port 5000","service":"flux-pos-api","timestamp":"2025-09-08 10:49:25"}
{"level":"info","message":"📊 Environment: development","service":"flux-pos-api","timestamp":"2025-09-08 10:49:25"}
{"level":"info","message":"🔗 Frontend URL: http://localhost:3000","service":"flux-pos-api","timestamp":"2025-09-08 10:49:25"}
{"level":"info","message":"🚀 Server running on port 5000","service":"flux-pos-api","timestamp":"2025-09-08 10:51:32"}
{"level":"info","message":"📊 Environment: development","service":"flux-pos-api","timestamp":"2025-09-08 10:51:32"}
{"level":"info","message":"🔗 Frontend URL: http://localhost:3000","service":"flux-pos-api","timestamp":"2025-09-08 10:51:32"}
{"level":"info","message":"GET /api/vendors/cashiers - ::1","service":"flux-pos-api","timestamp":"2025-09-08 10:51:35"}
{"clientVersion":"5.22.0","level":"error","message":"\nInvalid `prisma.user.count()` invocation in\nC:\\Users\\limba\\Documents\\flux\\backend\\src\\controllers\\vendorController.ts:624:17\n\n  621   },\n  622   orderBy: { createdAt: 'desc' }\n  623 }),\n→ 624 prisma.user.count({\n        select: {\n          _count: {\n            select: {\n              _all: true\n            }\n          }\n        },\n        where: {\n          role: {\n            in: [\n              \"CASHIER\",\n              \"MANAGER\"\n            ]\n            ~~~~~~~~~~~\n          }\n        }\n      })\n\nInvalid value for argument `in`. Expected UserRole.","name":"PrismaClientValidationError","service":"flux-pos-api","stack":"PrismaClientValidationError: \nInvalid `prisma.user.count()` invocation in\nC:\\Users\\limba\\Documents\\flux\\backend\\src\\controllers\\vendorController.ts:624:17\n\n  621   },\n  622   orderBy: { createdAt: 'desc' }\n  623 }),\n→ 624 prisma.user.count({\n        select: {\n          _count: {\n            select: {\n              _all: true\n            }\n          }\n        },\n        where: {\n          role: {\n            in: [\n              \"CASHIER\",\n              \"MANAGER\"\n            ]\n            ~~~~~~~~~~~\n          }\n        }\n      })\n\nInvalid value for argument `in`. Expected UserRole.\n    at wn (C:\\Users\\limba\\Documents\\flux\\backend\\node_modules\\@prisma\\client\\runtime\\library.js:29:1363)\n    at $n.handleRequestError (C:\\Users\\limba\\Documents\\flux\\backend\\node_modules\\@prisma\\client\\runtime\\library.js:121:6958)\n    at $n.handleAndLogRequestError (C:\\Users\\limba\\Documents\\flux\\backend\\node_modules\\@prisma\\client\\runtime\\library.js:121:6623)\n    at $n.request (C:\\Users\\limba\\Documents\\flux\\backend\\node_modules\\@prisma\\client\\runtime\\library.js:121:6307)\n    at async l (C:\\Users\\limba\\Documents\\flux\\backend\\node_modules\\@prisma\\client\\runtime\\library.js:130:9633)\n    at async Promise.all (index 1)\n    at async C:\\Users\\limba\\Documents\\flux\\backend\\src\\controllers\\vendorController.ts:610:29","timestamp":"2025-09-08 10:51:36"}
{"level":"info","message":"GET /api/vendors/analytics - ::1","service":"flux-pos-api","timestamp":"2025-09-08 10:51:37"}
{"level":"info","message":"GET /api/vendors/analytics - ::1","service":"flux-pos-api","timestamp":"2025-09-08 10:51:37"}
{"level":"info","message":"GET /api/vendors/pricing-plans - ::1","service":"flux-pos-api","timestamp":"2025-09-08 10:51:40"}
{"level":"info","message":"GET /api/vendors/pricing-plans - ::1","service":"flux-pos-api","timestamp":"2025-09-08 10:51:40"}
{"level":"info","message":"GET /api/vendors/support-tickets - ::1","service":"flux-pos-api","timestamp":"2025-09-08 10:52:03"}
{"level":"info","message":"GET /api/vendors/support-tickets - ::1","service":"flux-pos-api","timestamp":"2025-09-08 10:52:03"}
{"level":"info","message":"GET /api/vendors/pricing-plans - ::1","service":"flux-pos-api","timestamp":"2025-09-08 10:52:11"}
{"level":"info","message":"GET /api/vendors/pricing-plans - ::1","service":"flux-pos-api","timestamp":"2025-09-08 10:52:11"}
{"level":"info","message":"GET /api/vendors/analytics - ::1","service":"flux-pos-api","timestamp":"2025-09-08 10:52:13"}
{"level":"info","message":"GET /api/vendors/analytics - ::1","service":"flux-pos-api","timestamp":"2025-09-08 10:52:13"}
{"level":"info","message":"GET /api/vendors - ::1","service":"flux-pos-api","timestamp":"2025-09-08 10:52:14"}
{"level":"info","message":"GET /api/vendors - ::1","service":"flux-pos-api","timestamp":"2025-09-08 10:52:14"}
{"level":"info","message":"GET /api/vendors/cashiers - ::1","service":"flux-pos-api","timestamp":"2025-09-08 10:52:16"}
{"clientVersion":"5.22.0","level":"error","message":"\nInvalid `prisma.user.count()` invocation in\nC:\\Users\\limba\\Documents\\flux\\backend\\src\\controllers\\vendorController.ts:624:17\n\n  621   },\n  622   orderBy: { createdAt: 'desc' }\n  623 }),\n→ 624 prisma.user.count({\n        select: {\n          _count: {\n            select: {\n              _all: true\n            }\n          }\n        },\n        where: {\n          role: {\n            in: [\n              \"CASHIER\",\n              \"MANAGER\"\n            ]\n            ~~~~~~~~~~~\n          }\n        }\n      })\n\nInvalid value for argument `in`. Expected UserRole.","name":"PrismaClientValidationError","service":"flux-pos-api","stack":"PrismaClientValidationError: \nInvalid `prisma.user.count()` invocation in\nC:\\Users\\limba\\Documents\\flux\\backend\\src\\controllers\\vendorController.ts:624:17\n\n  621   },\n  622   orderBy: { createdAt: 'desc' }\n  623 }),\n→ 624 prisma.user.count({\n        select: {\n          _count: {\n            select: {\n              _all: true\n            }\n          }\n        },\n        where: {\n          role: {\n            in: [\n              \"CASHIER\",\n              \"MANAGER\"\n            ]\n            ~~~~~~~~~~~\n          }\n        }\n      })\n\nInvalid value for argument `in`. Expected UserRole.\n    at wn (C:\\Users\\limba\\Documents\\flux\\backend\\node_modules\\@prisma\\client\\runtime\\library.js:29:1363)\n    at $n.handleRequestError (C:\\Users\\limba\\Documents\\flux\\backend\\node_modules\\@prisma\\client\\runtime\\library.js:121:6958)\n    at $n.handleAndLogRequestError (C:\\Users\\limba\\Documents\\flux\\backend\\node_modules\\@prisma\\client\\runtime\\library.js:121:6623)\n    at $n.request (C:\\Users\\limba\\Documents\\flux\\backend\\node_modules\\@prisma\\client\\runtime\\library.js:121:6307)\n    at async l (C:\\Users\\limba\\Documents\\flux\\backend\\node_modules\\@prisma\\client\\runtime\\library.js:130:9633)\n    at async Promise.all (index 1)\n    at async C:\\Users\\limba\\Documents\\flux\\backend\\src\\controllers\\vendorController.ts:610:29","timestamp":"2025-09-08 10:52:16"}
{"level":"info","message":"GET /api/vendors - ::1","service":"flux-pos-api","timestamp":"2025-09-08 10:52:18"}
{"level":"info","message":"GET /api/vendors/analytics - ::1","service":"flux-pos-api","timestamp":"2025-09-08 10:52:20"}
{"level":"info","message":"GET /api/vendors - ::1","service":"flux-pos-api","timestamp":"2025-09-08 10:52:20"}
{"level":"info","message":"GET /api/vendors/support-tickets - ::1","service":"flux-pos-api","timestamp":"2025-09-08 10:52:20"}
{"level":"info","message":"GET /api/vendors/analytics - ::1","service":"flux-pos-api","timestamp":"2025-09-08 10:52:20"}
{"level":"info","message":"GET /api/vendors - ::1","service":"flux-pos-api","timestamp":"2025-09-08 10:52:20"}
{"level":"info","message":"GET /api/vendors/support-tickets - ::1","service":"flux-pos-api","timestamp":"2025-09-08 10:52:20"}
{"level":"info","message":"GET /api/vendors/analytics - ::1","service":"flux-pos-api","timestamp":"2025-09-08 10:52:20"}
{"level":"info","message":"GET /api/vendors/analytics - ::1","service":"flux-pos-api","timestamp":"2025-09-08 10:52:20"}
{"level":"info","message":"GET /api/vendors - ::1","service":"flux-pos-api","timestamp":"2025-09-08 10:52:25"}
{"level":"info","message":"GET /api/vendors - ::1","service":"flux-pos-api","timestamp":"2025-09-08 10:52:25"}
{"level":"info","message":"🚀 Server running on port 5000","service":"flux-pos-api","timestamp":"2025-09-08 10:53:43"}
{"level":"info","message":"📊 Environment: development","service":"flux-pos-api","timestamp":"2025-09-08 10:53:43"}
{"level":"info","message":"🔗 Frontend URL: http://localhost:3000","service":"flux-pos-api","timestamp":"2025-09-08 10:53:43"}
{"level":"info","message":"GET /api/vendors/cashiers - ::1","service":"flux-pos-api","timestamp":"2025-09-08 10:54:00"}
{"clientVersion":"5.22.0","level":"error","message":"\nInvalid `prisma.user.count()` invocation in\nC:\\Users\\limba\\Documents\\flux\\backend\\src\\controllers\\vendorController.ts:637:17\n\n  634   },\n  635   orderBy: { createdAt: 'desc' }\n  636 }),\n→ 637 prisma.user.count({\n        select: {\n          _count: {\n            select: {\n              _all: true\n            }\n          }\n        },\n        where: {\n          role: {\n            in: [\n              \"CASHIER\",\n              \"MANAGER\"\n            ]\n            ~~~~~~~~~~~\n          }\n        }\n      })\n\nInvalid value for argument `in`. Expected UserRole.","name":"PrismaClientValidationError","service":"flux-pos-api","stack":"PrismaClientValidationError: \nInvalid `prisma.user.count()` invocation in\nC:\\Users\\limba\\Documents\\flux\\backend\\src\\controllers\\vendorController.ts:637:17\n\n  634   },\n  635   orderBy: { createdAt: 'desc' }\n  636 }),\n→ 637 prisma.user.count({\n        select: {\n          _count: {\n            select: {\n              _all: true\n            }\n          }\n        },\n        where: {\n          role: {\n            in: [\n              \"CASHIER\",\n              \"MANAGER\"\n            ]\n            ~~~~~~~~~~~\n          }\n        }\n      })\n\nInvalid value for argument `in`. Expected UserRole.\n    at wn (C:\\Users\\limba\\Documents\\flux\\backend\\node_modules\\@prisma\\client\\runtime\\library.js:29:1363)\n    at $n.handleRequestError (C:\\Users\\limba\\Documents\\flux\\backend\\node_modules\\@prisma\\client\\runtime\\library.js:121:6958)\n    at $n.handleAndLogRequestError (C:\\Users\\limba\\Documents\\flux\\backend\\node_modules\\@prisma\\client\\runtime\\library.js:121:6623)\n    at $n.request (C:\\Users\\limba\\Documents\\flux\\backend\\node_modules\\@prisma\\client\\runtime\\library.js:121:6307)\n    at async l (C:\\Users\\limba\\Documents\\flux\\backend\\node_modules\\@prisma\\client\\runtime\\library.js:130:9633)\n    at async Promise.all (index 1)\n    at async C:\\Users\\limba\\Documents\\flux\\backend\\src\\controllers\\vendorController.ts:623:29","timestamp":"2025-09-08 10:54:00"}
{"level":"info","message":"GET /api/vendors - ::1","service":"flux-pos-api","timestamp":"2025-09-08 10:54:01"}
{"level":"info","message":"GET /api/vendors/analytics - ::1","service":"flux-pos-api","timestamp":"2025-09-08 10:54:03"}
{"level":"info","message":"GET /api/vendors - ::1","service":"flux-pos-api","timestamp":"2025-09-08 10:54:03"}
{"level":"info","message":"GET /api/vendors/support-tickets - ::1","service":"flux-pos-api","timestamp":"2025-09-08 10:54:03"}
{"level":"info","message":"GET /api/vendors - ::1","service":"flux-pos-api","timestamp":"2025-09-08 10:54:03"}
{"level":"info","message":"GET /api/vendors/support-tickets - ::1","service":"flux-pos-api","timestamp":"2025-09-08 10:54:03"}
{"level":"info","message":"GET /api/vendors/analytics - ::1","service":"flux-pos-api","timestamp":"2025-09-08 10:54:03"}
{"level":"info","message":"GET /api/vendors/analytics - ::1","service":"flux-pos-api","timestamp":"2025-09-08 10:54:03"}
{"level":"info","message":"GET /api/vendors/analytics - ::1","service":"flux-pos-api","timestamp":"2025-09-08 10:54:03"}
{"level":"info","message":"GET /api/vendors - ::1","service":"flux-pos-api","timestamp":"2025-09-08 10:54:11"}
{"level":"info","message":"GET /api/vendors - ::1","service":"flux-pos-api","timestamp":"2025-09-08 10:54:11"}
{"level":"info","message":"GET /api/vendors/analytics - ::1","service":"flux-pos-api","timestamp":"2025-09-08 10:54:13"}
{"level":"info","message":"GET /api/vendors/analytics - ::1","service":"flux-pos-api","timestamp":"2025-09-08 10:54:13"}
{"level":"info","message":"GET /api/vendors/pricing-plans - ::1","service":"flux-pos-api","timestamp":"2025-09-08 10:54:15"}
{"level":"info","message":"GET /api/vendors/pricing-plans - ::1","service":"flux-pos-api","timestamp":"2025-09-08 10:54:15"}
{"level":"info","message":"GET /api/vendors/support-tickets - ::1","service":"flux-pos-api","timestamp":"2025-09-08 10:54:16"}
{"level":"info","message":"GET /api/vendors/support-tickets - ::1","service":"flux-pos-api","timestamp":"2025-09-08 10:54:16"}
{"level":"info","message":"GET /api/vendors/analytics - ::1","service":"flux-pos-api","timestamp":"2025-09-08 10:54:19"}
{"level":"info","message":"GET /api/vendors/analytics - ::1","service":"flux-pos-api","timestamp":"2025-09-08 10:54:19"}
{"level":"info","message":"GET /api/vendors - ::1","service":"flux-pos-api","timestamp":"2025-09-08 10:54:19"}
{"level":"info","message":"GET /api/vendors - ::1","service":"flux-pos-api","timestamp":"2025-09-08 10:54:19"}
{"level":"info","message":"GET /api/vendors/analytics - ::1","service":"flux-pos-api","timestamp":"2025-09-08 10:54:26"}
{"level":"info","message":"GET /api/vendors - ::1","service":"flux-pos-api","timestamp":"2025-09-08 10:54:26"}
{"level":"info","message":"GET /api/vendors/support-tickets - ::1","service":"flux-pos-api","timestamp":"2025-09-08 10:54:26"}
{"level":"info","message":"GET /api/vendors/support-tickets - ::1","service":"flux-pos-api","timestamp":"2025-09-08 10:54:26"}
{"level":"info","message":"GET /api/vendors - ::1","service":"flux-pos-api","timestamp":"2025-09-08 10:54:26"}
{"level":"info","message":"GET /api/vendors/analytics - ::1","service":"flux-pos-api","timestamp":"2025-09-08 10:54:26"}
{"level":"info","message":"GET /api/vendors/analytics - ::1","service":"flux-pos-api","timestamp":"2025-09-08 10:54:26"}
{"level":"info","message":"GET /api/vendors/analytics - ::1","service":"flux-pos-api","timestamp":"2025-09-08 10:54:26"}
{"level":"info","message":"GET /api/vendors - ::1","service":"flux-pos-api","timestamp":"2025-09-08 10:59:45"}
{"level":"info","message":"GET /api/vendors - ::1","service":"flux-pos-api","timestamp":"2025-09-08 10:59:45"}
{"level":"info","message":"GET /api/vendors/cashiers - ::1","service":"flux-pos-api","timestamp":"2025-09-08 10:59:47"}
{"clientVersion":"5.22.0","level":"error","message":"\nInvalid `prisma.user.count()` invocation in\nC:\\Users\\limba\\Documents\\flux\\backend\\src\\controllers\\vendorController.ts:637:17\n\n  634   },\n  635   orderBy: { createdAt: 'desc' }\n  636 }),\n→ 637 prisma.user.count({\n        select: {\n          _count: {\n            select: {\n              _all: true\n            }\n          }\n        },\n        where: {\n          role: {\n            in: [\n              \"CASHIER\",\n              \"MANAGER\"\n            ]\n            ~~~~~~~~~~~\n          }\n        }\n      })\n\nInvalid value for argument `in`. Expected UserRole.","name":"PrismaClientValidationError","service":"flux-pos-api","stack":"PrismaClientValidationError: \nInvalid `prisma.user.count()` invocation in\nC:\\Users\\limba\\Documents\\flux\\backend\\src\\controllers\\vendorController.ts:637:17\n\n  634   },\n  635   orderBy: { createdAt: 'desc' }\n  636 }),\n→ 637 prisma.user.count({\n        select: {\n          _count: {\n            select: {\n              _all: true\n            }\n          }\n        },\n        where: {\n          role: {\n            in: [\n              \"CASHIER\",\n              \"MANAGER\"\n            ]\n            ~~~~~~~~~~~\n          }\n        }\n      })\n\nInvalid value for argument `in`. Expected UserRole.\n    at wn (C:\\Users\\limba\\Documents\\flux\\backend\\node_modules\\@prisma\\client\\runtime\\library.js:29:1363)\n    at $n.handleRequestError (C:\\Users\\limba\\Documents\\flux\\backend\\node_modules\\@prisma\\client\\runtime\\library.js:121:6958)\n    at $n.handleAndLogRequestError (C:\\Users\\limba\\Documents\\flux\\backend\\node_modules\\@prisma\\client\\runtime\\library.js:121:6623)\n    at $n.request (C:\\Users\\limba\\Documents\\flux\\backend\\node_modules\\@prisma\\client\\runtime\\library.js:121:6307)\n    at async l (C:\\Users\\limba\\Documents\\flux\\backend\\node_modules\\@prisma\\client\\runtime\\library.js:130:9633)\n    at async Promise.all (index 1)\n    at async C:\\Users\\limba\\Documents\\flux\\backend\\src\\controllers\\vendorController.ts:623:29","timestamp":"2025-09-08 10:59:47"}
{"level":"info","message":"GET /api/vendors/analytics - ::1","service":"flux-pos-api","timestamp":"2025-09-08 10:59:49"}
{"level":"info","message":"GET /api/vendors/analytics - ::1","service":"flux-pos-api","timestamp":"2025-09-08 10:59:49"}
{"level":"info","message":"GET /api/vendors/pricing-plans - ::1","service":"flux-pos-api","timestamp":"2025-09-08 10:59:50"}
{"level":"info","message":"GET /api/vendors/pricing-plans - ::1","service":"flux-pos-api","timestamp":"2025-09-08 10:59:50"}
{"level":"info","message":"GET /api/vendors/support-tickets - ::1","service":"flux-pos-api","timestamp":"2025-09-08 10:59:52"}
{"level":"info","message":"GET /api/vendors/support-tickets - ::1","service":"flux-pos-api","timestamp":"2025-09-08 10:59:52"}
{"level":"info","message":"GET /api/vendors - ::1","service":"flux-pos-api","timestamp":"2025-09-08 10:59:53"}
{"level":"info","message":"GET /api/vendors - ::1","service":"flux-pos-api","timestamp":"2025-09-08 10:59:53"}
{"level":"info","message":"GET /api/vendors/analytics - ::1","service":"flux-pos-api","timestamp":"2025-09-08 10:59:54"}
{"level":"info","message":"GET /api/vendors - ::1","service":"flux-pos-api","timestamp":"2025-09-08 10:59:54"}
{"level":"info","message":"GET /api/vendors/support-tickets - ::1","service":"flux-pos-api","timestamp":"2025-09-08 10:59:54"}
{"level":"info","message":"GET /api/vendors - ::1","service":"flux-pos-api","timestamp":"2025-09-08 10:59:54"}
{"level":"info","message":"GET /api/vendors/analytics - ::1","service":"flux-pos-api","timestamp":"2025-09-08 10:59:54"}
{"level":"info","message":"GET /api/vendors/support-tickets - ::1","service":"flux-pos-api","timestamp":"2025-09-08 10:59:54"}
{"level":"info","message":"GET /api/vendors/analytics - ::1","service":"flux-pos-api","timestamp":"2025-09-08 10:59:54"}
{"level":"info","message":"GET /api/vendors/analytics - ::1","service":"flux-pos-api","timestamp":"2025-09-08 10:59:54"}
{"level":"info","message":"GET /api/vendors - ::1","service":"flux-pos-api","timestamp":"2025-09-08 11:04:05"}
{"level":"info","message":"GET /api/vendors - ::1","service":"flux-pos-api","timestamp":"2025-09-08 11:04:05"}
{"level":"info","message":"GET /api/vendors/analytics - ::1","service":"flux-pos-api","timestamp":"2025-09-08 11:04:06"}
{"level":"info","message":"GET /api/vendors - ::1","service":"flux-pos-api","timestamp":"2025-09-08 11:04:06"}
{"level":"info","message":"GET /api/vendors/support-tickets - ::1","service":"flux-pos-api","timestamp":"2025-09-08 11:04:06"}
